[ 2013-08-12T14:31:29+08:00 ] 127.0.0.8 /
INFO: [ app_begin ] --START--
INFO: ReadHtmlCache Behavior ::run [ RunTime:0.023916s ]
INFO: [ app_begin ] --END-- [ RunTime:0.030051s ]
NOTIC: [8] Undefined index: admin E:\www\test\admin\Lib\Action\IndexAction.class.php 第 8 行.

[ 2013-08-12T14:31:30+08:00 ] 127.0.0.8 /index.php/Login/index/id/1.html
INFO: [ route_check ] --START--
INFO: CheckRoute Behavior ::run [ RunTime:0.014565s ]
INFO: [ route_check ] --END-- [ RunTime:0.023021s ]
INFO: [ app_begin ] --START--
INFO: ReadHtmlCache Behavior ::run [ RunTime:0.014832s ]
INFO: [ app_begin ] --END-- [ RunTime:0.020731s ]
NOTIC: [2] Missing argument 1 for Action::show(), called in E:\www\test\admin\Lib\Action\LoginAction.class.php on line 8 and defined E:\www\test\ThinkPHP\Lib\Core\Action.class.php 第 107 行.
NOTIC: [8] Undefined variable: content E:\www\test\ThinkPHP\Lib\Core\Action.class.php 第 108 行.
INFO: [ view_parse ] --START--
INFO: ParseTemplate Behavior ::run [ RunTime:0.196584s ]
INFO: [ view_parse ] --END-- [ RunTime:0.205004s ]
INFO: [ view_filter ] --START--
INFO: ContentReplace Behavior ::run [ RunTime:0.024826s ]
INFO: TokenBuild Behavior ::run [ RunTime:0.015897s ]
INFO: WriteHtmlCache Behavior ::run [ RunTime:0.009684s ]
INFO: ShowRuntime Behavior ::run [ RunTime:0.020415s ]
INFO: [ view_filter ] --END-- [ RunTime:0.086733s ]
INFO: [ view_end ] --START--
INFO: ShowPageTrace Behavior ::run [ RunTime:0.021662s ]
INFO: [ view_end ] --END-- [ RunTime:0.027997s ]

[ 2013-08-12T14:31:33+08:00 ] 127.0.0.8 /index.php/Login/login.html
INFO: [ route_check ] --START--
INFO: CheckRoute Behavior ::run [ RunTime:0.016283s ]
INFO: [ route_check ] --END-- [ RunTime:0.022343s ]
INFO: [ app_begin ] --START--
INFO: ReadHtmlCache Behavior ::run [ RunTime:0.014052s ]
INFO: [ app_begin ] --END-- [ RunTime:0.020012s ]
SQL: SHOW COLUMNS FROM `admin` [ RunTime:0.264640s ]
SQL: SELECT * FROM `admin` WHERE ( nickname='admin' and pwd='admin' ) LIMIT 1   [ RunTime:0.025157s ]

[ 2013-08-12T14:31:34+08:00 ] 127.0.0.8 /index.php/Index/index.html
INFO: [ route_check ] --START--
INFO: CheckRoute Behavior ::run [ RunTime:0.022684s ]
INFO: [ route_check ] --END-- [ RunTime:0.028544s ]
INFO: [ app_begin ] --START--
INFO: ReadHtmlCache Behavior ::run [ RunTime:0.014506s ]
INFO: [ app_begin ] --END-- [ RunTime:0.021475s ]
NOTIC: [2] Missing argument 1 for Action::show(), called in E:\www\test\admin\Lib\Action\IndexAction.class.php on line 13 and defined E:\www\test\ThinkPHP\Lib\Core\Action.class.php 第 107 行.
NOTIC: [8] Undefined variable: content E:\www\test\ThinkPHP\Lib\Core\Action.class.php 第 108 行.
INFO: [ view_parse ] --START--
INFO: ParseTemplate Behavior ::run [ RunTime:0.183424s ]
INFO: [ view_parse ] --END-- [ RunTime:0.192094s ]
INFO: [ view_filter ] --START--
INFO: ContentReplace Behavior ::run [ RunTime:0.017959s ]
INFO: TokenBuild Behavior ::run [ RunTime:0.015818s ]
INFO: WriteHtmlCache Behavior ::run [ RunTime:0.013199s ]
INFO: ShowRuntime Behavior ::run [ RunTime:0.018747s ]
INFO: [ view_filter ] --END-- [ RunTime:0.090523s ]
INFO: [ view_end ] --START--
INFO: ShowPageTrace Behavior ::run [ RunTime:0.016629s ]
INFO: [ view_end ] --END-- [ RunTime:0.026327s ]

[ 2013-08-12T14:31:35+08:00 ] 127.0.0.8 /index.php/Index/left.html
INFO: [ route_check ] --START--
INFO: CheckRoute Behavior ::run [ RunTime:0.027376s ]
INFO: [ route_check ] --END-- [ RunTime:0.032961s ]
INFO: [ app_begin ] --START--
INFO: ReadHtmlCache Behavior ::run [ RunTime:0.056875s ]
INFO: [ app_begin ] --END-- [ RunTime:0.062568s ]
NOTIC: [2] Missing argument 1 for Action::show(), called in E:\www\test\admin\Lib\Action\IndexAction.class.php on line 17 and defined E:\www\test\ThinkPHP\Lib\Core\Action.class.php 第 107 行.
NOTIC: [8] Undefined variable: content E:\www\test\ThinkPHP\Lib\Core\Action.class.php 第 108 行.
INFO: [ view_parse ] --START--
INFO: ParseTemplate Behavior ::run [ RunTime:0.195581s ]
INFO: [ view_parse ] --END-- [ RunTime:0.201718s ]
INFO: [ view_filter ] --START--
INFO: ContentReplace Behavior ::run [ RunTime:0.011492s ]
INFO: TokenBuild Behavior ::run [ RunTime:0.012784s ]
INFO: WriteHtmlCache Behavior ::run [ RunTime:0.008372s ]
INFO: ShowRuntime Behavior ::run [ RunTime:0.017970s ]
INFO: [ view_filter ] --END-- [ RunTime:0.069392s ]
INFO: [ view_end ] --START--
INFO: ShowPageTrace Behavior ::run [ RunTime:0.013533s ]
INFO: [ view_end ] --END-- [ RunTime:0.026224s ]

[ 2013-08-12T14:31:35+08:00 ] 127.0.0.8 /index.php/Index/main.html
INFO: [ route_check ] --START--
INFO: CheckRoute Behavior ::run [ RunTime:0.040648s ]
INFO: [ route_check ] --END-- [ RunTime:0.088903s ]
INFO: [ app_begin ] --START--
INFO: ReadHtmlCache Behavior ::run [ RunTime:0.034892s ]
INFO: [ app_begin ] --END-- [ RunTime:0.043394s ]
NOTIC: [2] Missing argument 1 for Action::show(), called in E:\www\test\admin\Lib\Action\IndexAction.class.php on line 20 and defined E:\www\test\ThinkPHP\Lib\Core\Action.class.php 第 107 行.
NOTIC: [8] Undefined variable: content E:\www\test\ThinkPHP\Lib\Core\Action.class.php 第 108 行.
INFO: [ view_parse ] --START--
INFO: ParseTemplate Behavior ::run [ RunTime:0.425416s ]
INFO: [ view_parse ] --END-- [ RunTime:0.435153s ]
INFO: [ view_filter ] --START--
INFO: ContentReplace Behavior ::run [ RunTime:0.022202s ]
INFO: TokenBuild Behavior ::run [ RunTime:0.024878s ]
INFO: WriteHtmlCache Behavior ::run [ RunTime:0.014748s ]
INFO: ShowRuntime Behavior ::run [ RunTime:0.021745s ]
INFO: [ view_filter ] --END-- [ RunTime:0.104603s ]
INFO: [ view_end ] --START--
INFO: ShowPageTrace Behavior ::run [ RunTime:0.020537s ]
INFO: [ view_end ] --END-- [ RunTime:0.026659s ]

[ 2013-08-12T14:31:46+08:00 ] 127.0.0.8 /index.php/Article_cate/index.html
INFO: [ route_check ] --START--
INFO: CheckRoute Behavior ::run [ RunTime:0.018553s ]
INFO: [ route_check ] --END-- [ RunTime:0.024282s ]
INFO: [ app_begin ] --START--
INFO: ReadHtmlCache Behavior ::run [ RunTime:0.015346s ]
INFO: [ app_begin ] --END-- [ RunTime:0.021622s ]
SQL: SHOW COLUMNS FROM `article_cate` [ RunTime:0.087530s ]
SQL: SELECT COUNT(*) AS tp_count FROM `article_cate` WHERE ( pid='' ) LIMIT 1   [ RunTime:0.033281s ]
SQL: SELECT * FROM `article_cate` WHERE ( pid='' ) LIMIT 0,10   [ RunTime:0.002406s ]
NOTIC: [2] Missing argument 1 for Action::show(), called in E:\www\test\admin\Lib\Action\Article_cateAction.class.php on line 66 and defined E:\www\test\ThinkPHP\Lib\Core\Action.class.php 第 107 行.
NOTIC: [8] Undefined variable: content E:\www\test\ThinkPHP\Lib\Core\Action.class.php 第 108 行.
INFO: [ view_parse ] --START--
INFO: ParseTemplate Behavior ::run [ RunTime:0.297434s ]
INFO: [ view_parse ] --END-- [ RunTime:0.303783s ]
INFO: [ view_filter ] --START--
INFO: ContentReplace Behavior ::run [ RunTime:0.014592s ]
INFO: TokenBuild Behavior ::run [ RunTime:0.012850s ]
INFO: WriteHtmlCache Behavior ::run [ RunTime:0.007539s ]
INFO: ShowRuntime Behavior ::run [ RunTime:0.019861s ]
INFO: [ view_filter ] --END-- [ RunTime:0.079773s ]
INFO: [ view_end ] --START--
INFO: ShowPageTrace Behavior ::run [ RunTime:0.024258s ]
INFO: [ view_end ] --END-- [ RunTime:0.031587s ]

[ 2013-08-12T14:31:50+08:00 ] 127.0.0.8 /index.php/Article_cate/index?pid=17
INFO: [ route_check ] --START--
INFO: CheckRoute Behavior ::run [ RunTime:0.010722s ]
INFO: [ route_check ] --END-- [ RunTime:0.016618s ]
INFO: [ app_begin ] --START--
INFO: ReadHtmlCache Behavior ::run [ RunTime:0.010857s ]
INFO: [ app_begin ] --END-- [ RunTime:0.016668s ]
SQL: SHOW COLUMNS FROM `article_cate` [ RunTime:0.009556s ]
SQL: SELECT COUNT(*) AS tp_count FROM `article_cate` WHERE ( pid='17' ) LIMIT 1   [ RunTime:0.003233s ]
SQL: SELECT * FROM `article_cate` WHERE ( pid='17' ) LIMIT 0,10   [ RunTime:0.002187s ]
NOTIC: [2] Missing argument 1 for Action::show(), called in E:\www\test\admin\Lib\Action\Article_cateAction.class.php on line 66 and defined E:\www\test\ThinkPHP\Lib\Core\Action.class.php 第 107 行.
NOTIC: [8] Undefined variable: content E:\www\test\ThinkPHP\Lib\Core\Action.class.php 第 108 行.
INFO: [ view_parse ] --START--
INFO: ParseTemplate Behavior ::run [ RunTime:0.276670s ]
INFO: [ view_parse ] --END-- [ RunTime:0.285025s ]
INFO: [ view_filter ] --START--
INFO: ContentReplace Behavior ::run [ RunTime:0.010526s ]
INFO: TokenBuild Behavior ::run [ RunTime:0.017339s ]
INFO: WriteHtmlCache Behavior ::run [ RunTime:0.014065s ]
INFO: ShowRuntime Behavior ::run [ RunTime:0.018409s ]
INFO: [ view_filter ] --END-- [ RunTime:0.079402s ]
INFO: [ view_end ] --START--
INFO: ShowPageTrace Behavior ::run [ RunTime:0.011407s ]
INFO: [ view_end ] --END-- [ RunTime:0.019298s ]

[ 2013-08-12T14:31:52+08:00 ] 127.0.0.8 /index.php/Article_cate/index?pid=23
INFO: [ route_check ] --START--
INFO: CheckRoute Behavior ::run [ RunTime:0.044447s ]
INFO: [ route_check ] --END-- [ RunTime:0.057287s ]
INFO: [ app_begin ] --START--
INFO: ReadHtmlCache Behavior ::run [ RunTime:0.017214s ]
INFO: [ app_begin ] --END-- [ RunTime:0.023752s ]
SQL: SHOW COLUMNS FROM `article_cate` [ RunTime:0.008429s ]
SQL: SELECT COUNT(*) AS tp_count FROM `article_cate` WHERE ( pid='23' ) LIMIT 1   [ RunTime:0.002258s ]
SQL: SELECT * FROM `article_cate` WHERE ( pid='23' ) LIMIT 0,10   [ RunTime:0.002761s ]
NOTIC: [2] Missing argument 1 for Action::show(), called in E:\www\test\admin\Lib\Action\Article_cateAction.class.php on line 66 and defined E:\www\test\ThinkPHP\Lib\Core\Action.class.php 第 107 行.
NOTIC: [8] Undefined variable: content E:\www\test\ThinkPHP\Lib\Core\Action.class.php 第 108 行.
INFO: [ view_parse ] --START--
INFO: ParseTemplate Behavior ::run [ RunTime:0.242059s ]
INFO: [ view_parse ] --END-- [ RunTime:0.249321s ]
INFO: [ view_filter ] --START--
INFO: ContentReplace Behavior ::run [ RunTime:0.009159s ]
INFO: TokenBuild Behavior ::run [ RunTime:0.012386s ]
INFO: WriteHtmlCache Behavior ::run [ RunTime:0.005572s ]
INFO: ShowRuntime Behavior ::run [ RunTime:0.016390s ]
INFO: [ view_filter ] --END-- [ RunTime:0.063427s ]
INFO: [ view_end ] --START--
INFO: ShowPageTrace Behavior ::run [ RunTime:0.011517s ]
INFO: [ view_end ] --END-- [ RunTime:0.017388s ]

[ 2013-08-12T14:31:55+08:00 ] 127.0.0.8 /index.php/Article_cate/index.html
INFO: [ route_check ] --START--
INFO: CheckRoute Behavior ::run [ RunTime:0.011560s ]
INFO: [ route_check ] --END-- [ RunTime:0.020755s ]
INFO: [ app_begin ] --START--
INFO: ReadHtmlCache Behavior ::run [ RunTime:0.013457s ]
INFO: [ app_begin ] --END-- [ RunTime:0.024680s ]
SQL: SHOW COLUMNS FROM `article_cate` [ RunTime:0.007323s ]
SQL: SELECT COUNT(*) AS tp_count FROM `article_cate` WHERE ( pid='' ) LIMIT 1   [ RunTime:0.002721s ]
SQL: SELECT * FROM `article_cate` WHERE ( pid='' ) LIMIT 0,10   [ RunTime:0.002482s ]
NOTIC: [2] Missing argument 1 for Action::show(), called in E:\www\test\admin\Lib\Action\Article_cateAction.class.php on line 66 and defined E:\www\test\ThinkPHP\Lib\Core\Action.class.php 第 107 行.
NOTIC: [8] Undefined variable: content E:\www\test\ThinkPHP\Lib\Core\Action.class.php 第 108 行.
INFO: [ view_parse ] --START--
INFO: ParseTemplate Behavior ::run [ RunTime:0.245188s ]
INFO: [ view_parse ] --END-- [ RunTime:0.251722s ]
INFO: [ view_filter ] --START--
INFO: ContentReplace Behavior ::run [ RunTime:0.012884s ]
INFO: TokenBuild Behavior ::run [ RunTime:0.020903s ]
INFO: WriteHtmlCache Behavior ::run [ RunTime:0.005449s ]
INFO: ShowRuntime Behavior ::run [ RunTime:0.018620s ]
INFO: [ view_filter ] --END-- [ RunTime:0.077217s ]
INFO: [ view_end ] --START--
INFO: ShowPageTrace Behavior ::run [ RunTime:0.014339s ]
INFO: [ view_end ] --END-- [ RunTime:0.020388s ]

[ 2013-08-12T14:37:37+08:00 ] 127.0.0.8 /index.php/Article_cate/index.html
INFO: [ route_check ] --START--
INFO: CheckRoute Behavior ::run [ RunTime:0.011795s ]
INFO: [ route_check ] --END-- [ RunTime:0.018048s ]
INFO: [ app_begin ] --START--
INFO: ReadHtmlCache Behavior ::run [ RunTime:0.013175s ]
INFO: [ app_begin ] --END-- [ RunTime:0.022370s ]
SQL: SHOW COLUMNS FROM `article_cate` [ RunTime:0.007890s ]
SQL: SELECT COUNT(*) AS tp_count FROM `article_cate` WHERE ( pid='' ) LIMIT 1   [ RunTime:0.002538s ]
SQL: SELECT * FROM `article_cate` WHERE ( pid='' ) LIMIT 0,10   [ RunTime:0.002511s ]
NOTIC: [2] Missing argument 1 for Action::show(), called in E:\www\test\admin\Lib\Action\Article_cateAction.class.php on line 66 and defined E:\www\test\ThinkPHP\Lib\Core\Action.class.php 第 107 行.
NOTIC: [8] Undefined variable: content E:\www\test\ThinkPHP\Lib\Core\Action.class.php 第 108 行.
INFO: [ view_parse ] --START--
INFO: ParseTemplate Behavior ::run [ RunTime:0.238965s ]
INFO: [ view_parse ] --END-- [ RunTime:0.245202s ]
INFO: [ view_filter ] --START--
INFO: ContentReplace Behavior ::run [ RunTime:0.010114s ]
INFO: TokenBuild Behavior ::run [ RunTime:0.012806s ]
INFO: WriteHtmlCache Behavior ::run [ RunTime:0.007907s ]
INFO: ShowRuntime Behavior ::run [ RunTime:0.015661s ]
INFO: [ view_filter ] --END-- [ RunTime:0.065525s ]
INFO: [ view_end ] --START--
INFO: ShowPageTrace Behavior ::run [ RunTime:0.010574s ]
INFO: [ view_end ] --END-- [ RunTime:0.017450s ]

[ 2013-08-12T14:40:16+08:00 ] 127.0.0.8 /index.php/Article_cate/index.html
INFO: [ route_check ] --START--
INFO: CheckRoute Behavior ::run [ RunTime:0.009756s ]
INFO: [ route_check ] --END-- [ RunTime:0.017190s ]
INFO: [ app_begin ] --START--
INFO: ReadHtmlCache Behavior ::run [ RunTime:0.011499s ]
INFO: [ app_begin ] --END-- [ RunTime:0.017321s ]
SQL: SHOW COLUMNS FROM `article_cate` [ RunTime:0.006747s ]
SQL: SELECT COUNT(*) AS tp_count FROM `article_cate` WHERE ( pid='' ) LIMIT 1   [ RunTime:0.004486s ]
SQL: SELECT * FROM `article_cate` WHERE ( pid='' ) LIMIT 0,10   [ RunTime:0.002617s ]
NOTIC: [2] Missing argument 1 for Action::show(), called in E:\www\test\admin\Lib\Action\Article_cateAction.class.php on line 66 and defined E:\www\test\ThinkPHP\Lib\Core\Action.class.php 第 107 行.
NOTIC: [8] Undefined variable: content E:\www\test\ThinkPHP\Lib\Core\Action.class.php 第 108 行.
INFO: [ view_parse ] --START--
INFO: ParseTemplate Behavior ::run [ RunTime:0.220858s ]
INFO: [ view_parse ] --END-- [ RunTime:0.226630s ]
INFO: [ view_filter ] --START--
INFO: ContentReplace Behavior ::run [ RunTime:0.010194s ]
INFO: TokenBuild Behavior ::run [ RunTime:0.012690s ]
INFO: WriteHtmlCache Behavior ::run [ RunTime:0.006044s ]
INFO: ShowRuntime Behavior ::run [ RunTime:0.015167s ]
INFO: [ view_filter ] --END-- [ RunTime:0.062478s ]
INFO: [ view_end ] --START--
INFO: ShowPageTrace Behavior ::run [ RunTime:0.010964s ]
INFO: [ view_end ] --END-- [ RunTime:0.016930s ]

[ 2013-08-12T14:43:37+08:00 ] 127.0.0.8 /index.php/Index/index.html
INFO: [ route_check ] --START--
INFO: CheckRoute Behavior ::run [ RunTime:0.010135s ]
INFO: [ route_check ] --END-- [ RunTime:0.016911s ]
INFO: [ app_begin ] --START--
INFO: ReadHtmlCache Behavior ::run [ RunTime:0.011301s ]
INFO: [ app_begin ] --END-- [ RunTime:0.017487s ]
NOTIC: [2] Missing argument 1 for Action::show(), called in E:\www\test\admin\Lib\Action\IndexAction.class.php on line 13 and defined E:\www\test\ThinkPHP\Lib\Core\Action.class.php 第 107 行.
NOTIC: [8] Undefined variable: content E:\www\test\ThinkPHP\Lib\Core\Action.class.php 第 108 行.
INFO: [ view_parse ] --START--
INFO: ParseTemplate Behavior ::run [ RunTime:0.151444s ]
INFO: [ view_parse ] --END-- [ RunTime:0.158440s ]
INFO: [ view_filter ] --START--
INFO: ContentReplace Behavior ::run [ RunTime:0.009916s ]
INFO: TokenBuild Behavior ::run [ RunTime:0.012258s ]
INFO: WriteHtmlCache Behavior ::run [ RunTime:0.006041s ]
INFO: ShowRuntime Behavior ::run [ RunTime:0.017587s ]
INFO: [ view_filter ] --END-- [ RunTime:0.062712s ]
INFO: [ view_end ] --START--
INFO: ShowPageTrace Behavior ::run [ RunTime:0.017822s ]
INFO: [ view_end ] --END-- [ RunTime:0.026910s ]

[ 2013-08-12T14:43:38+08:00 ] 127.0.0.8 /index.php/Index/left.html
INFO: [ route_check ] --START--
INFO: CheckRoute Behavior ::run [ RunTime:0.013639s ]
INFO: [ route_check ] --END-- [ RunTime:0.020794s ]
INFO: [ app_begin ] --START--
INFO: ReadHtmlCache Behavior ::run [ RunTime:0.036164s ]
INFO: [ app_begin ] --END-- [ RunTime:0.041878s ]
NOTIC: [2] Missing argument 1 for Action::show(), called in E:\www\test\admin\Lib\Action\IndexAction.class.php on line 17 and defined E:\www\test\ThinkPHP\Lib\Core\Action.class.php 第 107 行.
NOTIC: [8] Undefined variable: content E:\www\test\ThinkPHP\Lib\Core\Action.class.php 第 108 行.
INFO: [ view_parse ] --START--
INFO: ParseTemplate Behavior ::run [ RunTime:0.291493s ]
INFO: [ view_parse ] --END-- [ RunTime:0.297818s ]
INFO: [ view_filter ] --START--
INFO: ContentReplace Behavior ::run [ RunTime:0.014150s ]
INFO: TokenBuild Behavior ::run [ RunTime:0.029865s ]
INFO: WriteHtmlCache Behavior ::run [ RunTime:0.005538s ]
INFO: ShowRuntime Behavior ::run [ RunTime:0.019730s ]
INFO: [ view_filter ] --END-- [ RunTime:0.089077s ]
INFO: [ view_end ] --START--
INFO: ShowPageTrace Behavior ::run [ RunTime:0.017251s ]
INFO: [ view_end ] --END-- [ RunTime:0.024040s ]

[ 2013-08-12T14:43:39+08:00 ] 127.0.0.8 /index.php/Index/main.html
INFO: [ route_check ] --START--
INFO: CheckRoute Behavior ::run [ RunTime:0.051453s ]
INFO: [ route_check ] --END-- [ RunTime:0.057679s ]
INFO: [ app_begin ] --START--
INFO: ReadHtmlCache Behavior ::run [ RunTime:0.030846s ]
INFO: [ app_begin ] --END-- [ RunTime:0.036532s ]
NOTIC: [2] Missing argument 1 for Action::show(), called in E:\www\test\admin\Lib\Action\IndexAction.class.php on line 20 and defined E:\www\test\ThinkPHP\Lib\Core\Action.class.php 第 107 行.
NOTIC: [8] Undefined variable: content E:\www\test\ThinkPHP\Lib\Core\Action.class.php 第 108 行.
INFO: [ view_parse ] --START--
INFO: ParseTemplate Behavior ::run [ RunTime:0.256826s ]
INFO: [ view_parse ] --END-- [ RunTime:0.265722s ]
INFO: [ view_filter ] --START--
INFO: ContentReplace Behavior ::run [ RunTime:0.015375s ]
INFO: TokenBuild Behavior ::run [ RunTime:0.015312s ]
INFO: WriteHtmlCache Behavior ::run [ RunTime:0.011267s ]
INFO: ShowRuntime Behavior ::run [ RunTime:0.020806s ]
INFO: [ view_filter ] --END-- [ RunTime:0.081005s ]
INFO: [ view_end ] --START--
INFO: ShowPageTrace Behavior ::run [ RunTime:0.145460s ]
INFO: [ view_end ] --END-- [ RunTime:0.178852s ]

[ 2013-08-12T14:43:54+08:00 ] 127.0.0.8 /index.php/Index/index.html
INFO: [ route_check ] --START--
INFO: CheckRoute Behavior ::run [ RunTime:0.015265s ]
INFO: [ route_check ] --END-- [ RunTime:0.021044s ]
INFO: [ app_begin ] --START--
INFO: ReadHtmlCache Behavior ::run [ RunTime:0.014869s ]
INFO: [ app_begin ] --END-- [ RunTime:0.021030s ]
NOTIC: [2] Missing argument 1 for Action::show(), called in E:\www\test\admin\Lib\Action\IndexAction.class.php on line 13 and defined E:\www\test\ThinkPHP\Lib\Core\Action.class.php 第 107 行.
NOTIC: [8] Undefined variable: content E:\www\test\ThinkPHP\Lib\Core\Action.class.php 第 108 行.
INFO: [ view_parse ] --START--
INFO: ParseTemplate Behavior ::run [ RunTime:0.161035s ]
INFO: [ view_parse ] --END-- [ RunTime:0.168784s ]
INFO: [ view_filter ] --START--
INFO: ContentReplace Behavior ::run [ RunTime:0.011776s ]
INFO: TokenBuild Behavior ::run [ RunTime:0.015459s ]
INFO: WriteHtmlCache Behavior ::run [ RunTime:0.012971s ]
INFO: ShowRuntime Behavior ::run [ RunTime:0.021887s ]
INFO: [ view_filter ] --END-- [ RunTime:0.083098s ]
INFO: [ view_end ] --START--
INFO: ShowPageTrace Behavior ::run [ RunTime:0.013237s ]
INFO: [ view_end ] --END-- [ RunTime:0.019775s ]

[ 2013-08-12T14:43:55+08:00 ] 127.0.0.8 /index.php/Index/left.html
INFO: [ route_check ] --START--
INFO: CheckRoute Behavior ::run [ RunTime:0.024279s ]
INFO: [ route_check ] --END-- [ RunTime:0.030037s ]
INFO: [ app_begin ] --START--
INFO: ReadHtmlCache Behavior ::run [ RunTime:0.070990s ]
INFO: [ app_begin ] --END-- [ RunTime:0.082957s ]
NOTIC: [2] Missing argument 1 for Action::show(), called in E:\www\test\admin\Lib\Action\IndexAction.class.php on line 17 and defined E:\www\test\ThinkPHP\Lib\Core\Action.class.php 第 107 行.
NOTIC: [8] Undefined variable: content E:\www\test\ThinkPHP\Lib\Core\Action.class.php 第 108 行.
INFO: [ view_parse ] --START--
INFO: ParseTemplate Behavior ::run [ RunTime:0.225574s ]
INFO: [ view_parse ] --END-- [ RunTime:0.234178s ]
INFO: [ view_filter ] --START--
INFO: ContentReplace Behavior ::run [ RunTime:0.013632s ]
INFO: TokenBuild Behavior ::run [ RunTime:0.026859s ]
INFO: WriteHtmlCache Behavior ::run [ RunTime:0.006949s ]
INFO: ShowRuntime Behavior ::run [ RunTime:0.018461s ]
INFO: [ view_filter ] --END-- [ RunTime:0.084974s ]
INFO: [ view_end ] --START--
INFO: ShowPageTrace Behavior ::run [ RunTime:0.013053s ]
INFO: [ view_end ] --END-- [ RunTime:0.018706s ]

[ 2013-08-12T14:43:55+08:00 ] 127.0.0.8 /index.php/Index/main.html
INFO: [ route_check ] --START--
INFO: CheckRoute Behavior ::run [ RunTime:0.064575s ]
INFO: [ route_check ] --END-- [ RunTime:0.070274s ]
INFO: [ app_begin ] --START--
INFO: ReadHtmlCache Behavior ::run [ RunTime:0.050831s ]
INFO: [ app_begin ] --END-- [ RunTime:0.056824s ]
NOTIC: [2] Missing argument 1 for Action::show(), called in E:\www\test\admin\Lib\Action\IndexAction.class.php on line 20 and defined E:\www\test\ThinkPHP\Lib\Core\Action.class.php 第 107 行.
NOTIC: [8] Undefined variable: content E:\www\test\ThinkPHP\Lib\Core\Action.class.php 第 108 行.
INFO: [ view_parse ] --START--
INFO: ParseTemplate Behavior ::run [ RunTime:0.184251s ]
INFO: [ view_parse ] --END-- [ RunTime:0.190156s ]
INFO: [ view_filter ] --START--
INFO: ContentReplace Behavior ::run [ RunTime:0.013328s ]
INFO: TokenBuild Behavior ::run [ RunTime:0.015225s ]
INFO: WriteHtmlCache Behavior ::run [ RunTime:0.008161s ]
INFO: ShowRuntime Behavior ::run [ RunTime:0.022290s ]
INFO: [ view_filter ] --END-- [ RunTime:0.078281s ]
INFO: [ view_end ] --START--
INFO: ShowPageTrace Behavior ::run [ RunTime:0.072113s ]
INFO: [ view_end ] --END-- [ RunTime:0.081943s ]

[ 2013-08-12T14:44:48+08:00 ] 127.0.0.8 /index.php/Index/index.html
INFO: [ route_check ] --START--
INFO: CheckRoute Behavior ::run [ RunTime:0.011099s ]
INFO: [ route_check ] --END-- [ RunTime:0.016955s ]
INFO: [ app_begin ] --START--
INFO: ReadHtmlCache Behavior ::run [ RunTime:0.051079s ]
INFO: [ app_begin ] --END-- [ RunTime:0.057848s ]
NOTIC: [2] Missing argument 1 for Action::show(), called in E:\www\test\admin\Lib\Action\IndexAction.class.php on line 13 and defined E:\www\test\ThinkPHP\Lib\Core\Action.class.php 第 107 行.
NOTIC: [8] Undefined variable: content E:\www\test\ThinkPHP\Lib\Core\Action.class.php 第 108 行.
INFO: [ view_parse ] --START--
INFO: ParseTemplate Behavior ::run [ RunTime:0.134307s ]
INFO: [ view_parse ] --END-- [ RunTime:0.146984s ]
INFO: [ view_filter ] --START--
INFO: ContentReplace Behavior ::run [ RunTime:0.010549s ]
INFO: TokenBuild Behavior ::run [ RunTime:0.010615s ]
INFO: WriteHtmlCache Behavior ::run [ RunTime:0.005323s ]
INFO: ShowRuntime Behavior ::run [ RunTime:0.014327s ]
INFO: [ view_filter ] --END-- [ RunTime:0.058273s ]
INFO: [ view_end ] --START--
INFO: ShowPageTrace Behavior ::run [ RunTime:0.010830s ]
INFO: [ view_end ] --END-- [ RunTime:0.017276s ]

[ 2013-08-12T14:44:50+08:00 ] 127.0.0.8 /index.php/Index/left.html
INFO: [ route_check ] --START--
INFO: CheckRoute Behavior ::run [ RunTime:0.025689s ]
INFO: [ route_check ] --END-- [ RunTime:0.031593s ]
INFO: [ app_begin ] --START--
INFO: ReadHtmlCache Behavior ::run [ RunTime:0.041821s ]
INFO: [ app_begin ] --END-- [ RunTime:0.047846s ]
NOTIC: [2] Missing argument 1 for Action::show(), called in E:\www\test\admin\Lib\Action\IndexAction.class.php on line 17 and defined E:\www\test\ThinkPHP\Lib\Core\Action.class.php 第 107 行.
NOTIC: [8] Undefined variable: content E:\www\test\ThinkPHP\Lib\Core\Action.class.php 第 108 行.
INFO: [ view_parse ] --START--
INFO: ParseTemplate Behavior ::run [ RunTime:0.194459s ]
INFO: [ view_parse ] --END-- [ RunTime:0.200945s ]
INFO: [ view_filter ] --START--
INFO: ContentReplace Behavior ::run [ RunTime:0.009168s ]
INFO: TokenBuild Behavior ::run [ RunTime:0.012169s ]
INFO: WriteHtmlCache Behavior ::run [ RunTime:0.011148s ]
INFO: ShowRuntime Behavior ::run [ RunTime:0.016288s ]
INFO: [ view_filter ] --END-- [ RunTime:0.065013s ]
INFO: [ view_end ] --START--
INFO: ShowPageTrace Behavior ::run [ RunTime:0.014320s ]
INFO: [ view_end ] --END-- [ RunTime:0.023950s ]

[ 2013-08-12T14:44:51+08:00 ] 127.0.0.8 /index.php/Index/main.html
INFO: [ route_check ] --START--
INFO: CheckRoute Behavior ::run [ RunTime:0.063180s ]
INFO: [ route_check ] --END-- [ RunTime:0.070398s ]
INFO: [ app_begin ] --START--
INFO: ReadHtmlCache Behavior ::run [ RunTime:0.046194s ]
INFO: [ app_begin ] --END-- [ RunTime:0.052228s ]
NOTIC: [2] Missing argument 1 for Action::show(), called in E:\www\test\admin\Lib\Action\IndexAction.class.php on line 20 and defined E:\www\test\ThinkPHP\Lib\Core\Action.class.php 第 107 行.
NOTIC: [8] Undefined variable: content E:\www\test\ThinkPHP\Lib\Core\Action.class.php 第 108 行.
INFO: [ view_parse ] --START--
INFO: ParseTemplate Behavior ::run [ RunTime:0.235850s ]
INFO: [ view_parse ] --END-- [ RunTime:0.242106s ]
INFO: [ view_filter ] --START--
INFO: ContentReplace Behavior ::run [ RunTime:0.015855s ]
INFO: TokenBuild Behavior ::run [ RunTime:0.019952s ]
INFO: WriteHtmlCache Behavior ::run [ RunTime:0.009788s ]
INFO: ShowRuntime Behavior ::run [ RunTime:0.020793s ]
INFO: [ view_filter ] --END-- [ RunTime:0.086683s ]
INFO: [ view_end ] --START--
INFO: ShowPageTrace Behavior ::run [ RunTime:0.053739s ]
INFO: [ view_end ] --END-- [ RunTime:0.124682s ]

[ 2013-08-12T14:47:03+08:00 ] 127.0.0.8 /index.php/Index/index.html
INFO: [ route_check ] --START--
INFO: CheckRoute Behavior ::run [ RunTime:0.010839s ]
INFO: [ route_check ] --END-- [ RunTime:0.016534s ]
INFO: [ app_begin ] --START--
INFO: ReadHtmlCache Behavior ::run [ RunTime:0.014480s ]
INFO: [ app_begin ] --END-- [ RunTime:0.021986s ]
NOTIC: [2] Missing argument 1 for Action::show(), called in E:\www\test\admin\Lib\Action\IndexAction.class.php on line 13 and defined E:\www\test\ThinkPHP\Lib\Core\Action.class.php 第 107 行.
NOTIC: [8] Undefined variable: content E:\www\test\ThinkPHP\Lib\Core\Action.class.php 第 108 行.
INFO: [ view_parse ] --START--
INFO: ParseTemplate Behavior ::run [ RunTime:0.141790s ]
INFO: [ view_parse ] --END-- [ RunTime:0.147533s ]
INFO: [ view_filter ] --START--
INFO: ContentReplace Behavior ::run [ RunTime:0.014487s ]
INFO: TokenBuild Behavior ::run [ RunTime:0.011772s ]
INFO: WriteHtmlCache Behavior ::run [ RunTime:0.005962s ]
INFO: ShowRuntime Behavior ::run [ RunTime:0.015269s ]
INFO: [ view_filter ] --END-- [ RunTime:0.067981s ]
INFO: [ view_end ] --START--
INFO: ShowPageTrace Behavior ::run [ RunTime:0.010308s ]
INFO: [ view_end ] --END-- [ RunTime:0.017555s ]

[ 2013-08-12T14:47:05+08:00 ] 127.0.0.8 /index.php/Index/left.html
INFO: [ route_check ] --START--
INFO: CheckRoute Behavior ::run [ RunTime:0.019431s ]
INFO: [ route_check ] --END-- [ RunTime:0.025141s ]
INFO: [ app_begin ] --START--
INFO: ReadHtmlCache Behavior ::run [ RunTime:0.118666s ]
INFO: [ app_begin ] --END-- [ RunTime:0.124417s ]
NOTIC: [2] Missing argument 1 for Action::show(), called in E:\www\test\admin\Lib\Action\IndexAction.class.php on line 17 and defined E:\www\test\ThinkPHP\Lib\Core\Action.class.php 第 107 行.
NOTIC: [8] Undefined variable: content E:\www\test\ThinkPHP\Lib\Core\Action.class.php 第 108 行.
INFO: [ view_parse ] --START--
INFO: ParseTemplate Behavior ::run [ RunTime:0.329420s ]
INFO: [ view_parse ] --END-- [ RunTime:0.353631s ]
INFO: [ view_filter ] --START--
INFO: ContentReplace Behavior ::run [ RunTime:0.011113s ]
INFO: TokenBuild Behavior ::run [ RunTime:0.021562s ]
INFO: WriteHtmlCache Behavior ::run [ RunTime:0.006497s ]
INFO: ShowRuntime Behavior ::run [ RunTime:0.016574s ]
INFO: [ view_filter ] --END-- [ RunTime:0.076462s ]
INFO: [ view_end ] --START--
INFO: ShowPageTrace Behavior ::run [ RunTime:0.009930s ]
INFO: [ view_end ] --END-- [ RunTime:0.018873s ]

[ 2013-08-12T14:47:05+08:00 ] 127.0.0.8 /index.php/Index/main.html
INFO: [ route_check ] --START--
INFO: CheckRoute Behavior ::run [ RunTime:0.085633s ]
INFO: [ route_check ] --END-- [ RunTime:0.093401s ]
INFO: [ app_begin ] --START--
INFO: ReadHtmlCache Behavior ::run [ RunTime:0.063340s ]
INFO: [ app_begin ] --END-- [ RunTime:0.069186s ]
NOTIC: [2] Missing argument 1 for Action::show(), called in E:\www\test\admin\Lib\Action\IndexAction.class.php on line 20 and defined E:\www\test\ThinkPHP\Lib\Core\Action.class.php 第 107 行.
NOTIC: [8] Undefined variable: content E:\www\test\ThinkPHP\Lib\Core\Action.class.php 第 108 行.
INFO: [ view_parse ] --START--
INFO: ParseTemplate Behavior ::run [ RunTime:0.337390s ]
INFO: [ view_parse ] --END-- [ RunTime:0.343408s ]
INFO: [ view_filter ] --START--
INFO: ContentReplace Behavior ::run [ RunTime:0.026458s ]
INFO: TokenBuild Behavior ::run [ RunTime:0.019976s ]
INFO: WriteHtmlCache Behavior ::run [ RunTime:0.013124s ]
INFO: ShowRuntime Behavior ::run [ RunTime:0.027901s ]
INFO: [ view_filter ] --END-- [ RunTime:0.103639s ]
INFO: [ view_end ] --START--
INFO: ShowPageTrace Behavior ::run [ RunTime:0.119461s ]
INFO: [ view_end ] --END-- [ RunTime:0.125501s ]

[ 2013-08-12T14:47:08+08:00 ] 127.0.0.8 /index.php/Article/index.html
INFO: [ route_check ] --START--
INFO: CheckRoute Behavior ::run [ RunTime:0.010228s ]
INFO: [ route_check ] --END-- [ RunTime:0.016256s ]
INFO: [ app_begin ] --START--
INFO: ReadHtmlCache Behavior ::run [ RunTime:0.013082s ]
INFO: [ app_begin ] --END-- [ RunTime:0.020682s ]
ERR: 无法加载模块:Article

[ 2013-08-12T14:47:10+08:00 ] 127.0.0.8 /index.php/Article/add.html
INFO: [ route_check ] --START--
INFO: CheckRoute Behavior ::run [ RunTime:0.009195s ]
INFO: [ route_check ] --END-- [ RunTime:0.016635s ]
INFO: [ app_begin ] --START--
INFO: ReadHtmlCache Behavior ::run [ RunTime:0.011141s ]
INFO: [ app_begin ] --END-- [ RunTime:0.018819s ]
ERR: 无法加载模块:Article

[ 2013-08-12T14:47:11+08:00 ] 127.0.0.8 /index.php/Article/index.html
INFO: [ route_check ] --START--
INFO: CheckRoute Behavior ::run [ RunTime:0.009040s ]
INFO: [ route_check ] --END-- [ RunTime:0.014819s ]
INFO: [ app_begin ] --START--
INFO: ReadHtmlCache Behavior ::run [ RunTime:0.012312s ]
INFO: [ app_begin ] --END-- [ RunTime:0.018327s ]
ERR: 无法加载模块:Article

[ 2013-08-12T14:47:13+08:00 ] 127.0.0.8 /index.php/Article/add.html
INFO: [ route_check ] --START--
INFO: CheckRoute Behavior ::run [ RunTime:0.026016s ]
INFO: [ route_check ] --END-- [ RunTime:0.031943s ]
INFO: [ app_begin ] --START--
INFO: ReadHtmlCache Behavior ::run [ RunTime:0.015436s ]
INFO: [ app_begin ] --END-- [ RunTime:0.026169s ]
ERR: 无法加载模块:Article

[ 2013-08-12T14:47:15+08:00 ] 127.0.0.8 /index.php/Article/index.html
INFO: [ route_check ] --START--
INFO: CheckRoute Behavior ::run [ RunTime:0.009070s ]
INFO: [ route_check ] --END-- [ RunTime:0.014805s ]
INFO: [ app_begin ] --START--
INFO: ReadHtmlCache Behavior ::run [ RunTime:0.012060s ]
INFO: [ app_begin ] --END-- [ RunTime:0.018114s ]
ERR: 无法加载模块:Article

[ 2013-08-12T14:47:18+08:00 ] 127.0.0.8 /index.php/Article/add.html
INFO: [ route_check ] --START--
INFO: CheckRoute Behavior ::run [ RunTime:0.009169s ]
INFO: [ route_check ] --END-- [ RunTime:0.016659s ]
INFO: [ app_begin ] --START--
INFO: ReadHtmlCache Behavior ::run [ RunTime:0.011032s ]
INFO: [ app_begin ] --END-- [ RunTime:0.018291s ]
ERR: 无法加载模块:Article

[ 2013-08-12T14:47:21+08:00 ] 127.0.0.8 /index.php/Article/index.html
INFO: [ route_check ] --START--
INFO: CheckRoute Behavior ::run [ RunTime:0.063120s ]
INFO: [ route_check ] --END-- [ RunTime:0.068838s ]
INFO: [ app_begin ] --START--
INFO: ReadHtmlCache Behavior ::run [ RunTime:0.163512s ]
INFO: [ app_begin ] --END-- [ RunTime:0.169294s ]
ERR: 无法加载模块:Article

[ 2013-08-12T14:52:27+08:00 ] 127.0.0.8 /index.php/Article/index.html
ERR: 无法加载模块:Article

[ 2013-08-12T14:52:29+08:00 ] 127.0.0.8 /index.php/Article/add.html
ERR: 无法加载模块:Article

[ 2013-08-12T14:52:31+08:00 ] 127.0.0.8 /index.php/Article/add.html
ERR: 无法加载模块:Article

[ 2013-08-12T14:52:32+08:00 ] 127.0.0.8 /index.php/Article/index.html
ERR: 无法加载模块:Article

[ 2013-08-12T14:52:34+08:00 ] 127.0.0.8 /index.php/Article/add.html
ERR: 无法加载模块:Article

[ 2013-08-12T14:52:35+08:00 ] 127.0.0.8 /index.php/Article/index.html
ERR: 无法加载模块:Article

[ 2013-08-12T14:52:40+08:00 ] 127.0.0.8 /index.php/Article/add.html
ERR: 无法加载模块:Article

[ 2013-08-12T15:30:12+08:00 ] 127.0.0.8 /index.php/Article/index.html
ERR: 无法加载模块:Article

[ 2013-08-12T15:30:14+08:00 ] 127.0.0.8 /index.php/Article/add.html
ERR: 无法加载模块:Article

[ 2013-08-12T15:30:32+08:00 ] 127.0.0.8 /index.php/Article/add.html
ERR: 无法加载模块:Article

[ 2013-08-12T15:30:32+08:00 ] 127.0.0.8 /index.php/Article/add.html
ERR: 无法加载模块:Article

[ 2013-08-12T15:30:33+08:00 ] 127.0.0.8 /index.php/Article/add.html
ERR: 无法加载模块:Article

[ 2013-08-12T15:31:30+08:00 ] 127.0.0.8 /index.php/Article/add.html
ERR: 无法加载模块:Article

[ 2013-08-12T15:31:33+08:00 ] 127.0.0.8 /index.php/Article/add.html
ERR: 无法加载模块:Article

[ 2013-08-12T15:36:22+08:00 ] 127.0.0.8 /index.php/Article/index.html
ERR: 无法加载模块:Article

[ 2013-08-12T15:36:23+08:00 ] 127.0.0.8 /index.php/Article/add.html
ERR: 无法加载模块:Article

[ 2013-08-12T15:36:25+08:00 ] 127.0.0.8 /index.php/Article/add.html
ERR: 无法加载模块:Article

[ 2013-08-12T15:36:28+08:00 ] 127.0.0.8 /index.php/Article/add.html
ERR: 无法加载模块:Article

[ 2013-08-12T15:36:52+08:00 ] 127.0.0.8 /index.php/Article/add.html
ERR: 无法加载模块:Article

[ 2013-08-12T15:36:53+08:00 ] 127.0.0.8 /index.php/Article/index.html
ERR: 无法加载模块:Article

[ 2013-08-12T15:36:54+08:00 ] 127.0.0.8 /index.php/Article/add.html
ERR: 无法加载模块:Article

[ 2013-08-12T15:37:34+08:00 ] 127.0.0.8 /index.php/Article/add.html
ERR: 无法加载模块:Article

[ 2013-08-12T15:37:35+08:00 ] 127.0.0.8 /index.php/Article/add.html
ERR: 无法加载模块:Article

[ 2013-08-12T15:38:02+08:00 ] 127.0.0.8 /index.php/Article/add
ERR: 无法加载模块:Article

[ 2013-08-12T15:44:01+08:00 ] 127.0.0.8 /index.php/Article/index.html
ERR: 模板不存在[./admin/Tpl/Article/index.html]

[ 2013-08-12T15:44:31+08:00 ] 127.0.0.8 /index.php/Article/index.html
ERR: 模板不存在[./admin/Tpl/Article/index.html]

[ 2013-08-12T15:46:56+08:00 ] 127.0.0.8 /index.php/Article/index.html
ERR: 模板不存在[./admin/Tpl/Article/index.html]

[ 2013-08-12T15:49:29+08:00 ] 127.0.0.8 /index.php/Article/index.html
ERR: 模板不存在[./admin/Tpl/Article/index.html]

[ 2013-08-12T16:34:46+08:00 ] 127.0.0.8 /index.php/Article/index.html
ERR: 模板不存在[./admin/Tpl/Article/index.html]

[ 2013-08-12T16:35:57+08:00 ] 127.0.0.8 /index.php/Article/index.html
ERR: 模板不存在[./admin/Tpl/Article/index.html]

[ 2013-08-12T16:38:04+08:00 ] 127.0.0.8 /index.php/Article/index.html
ERR: 模板不存在[./admin/Tpl/Article/index.html]

