[ 2013-08-06T16:02:13+08:00 ] 127.0.0.8 /
INFO: [ app_begin ] --START--
INFO: ReadHtmlCache Behavior ::run [ RunTime:0.020030s ]
INFO: [ app_begin ] --END-- [ RunTime:0.026594s ]

[ 2013-08-06T16:03:47+08:00 ] 127.0.0.8 /
INFO: [ app_begin ] --START--
INFO: ReadHtmlCache Behavior ::run [ RunTime:0.011048s ]
INFO: [ app_begin ] --END-- [ RunTime:0.017115s ]
NOTIC: [8] Undefined index: admin E:\www\test\admin\Lib\Action\IndexAction.class.php 第 8 行.

[ 2013-08-06T16:03:51+08:00 ] 127.0.0.8 /
INFO: [ app_begin ] --START--
INFO: ReadHtmlCache Behavior ::run [ RunTime:0.011985s ]
INFO: [ app_begin ] --END-- [ RunTime:0.019298s ]
NOTIC: [8] Undefined index: admin E:\www\test\admin\Lib\Action\IndexAction.class.php 第 8 行.

[ 2013-08-06T16:04:07+08:00 ] 127.0.0.8 /
INFO: [ app_begin ] --START--
INFO: ReadHtmlCache Behavior ::run [ RunTime:0.012956s ]
INFO: [ app_begin ] --END-- [ RunTime:0.024132s ]
NOTIC: [8] Undefined index: admin E:\www\test\admin\Lib\Action\IndexAction.class.php 第 8 行.

[ 2013-08-06T16:04:08+08:00 ] 127.0.0.8 /
INFO: [ app_begin ] --START--
INFO: ReadHtmlCache Behavior ::run [ RunTime:0.014436s ]
INFO: [ app_begin ] --END-- [ RunTime:0.021081s ]
NOTIC: [8] Undefined index: admin E:\www\test\admin\Lib\Action\IndexAction.class.php 第 8 行.

[ 2013-08-06T16:04:08+08:00 ] 127.0.0.8 /
INFO: [ app_begin ] --START--
INFO: ReadHtmlCache Behavior ::run [ RunTime:0.021353s ]
INFO: [ app_begin ] --END-- [ RunTime:0.054440s ]
NOTIC: [8] Undefined index: admin E:\www\test\admin\Lib\Action\IndexAction.class.php 第 8 行.

[ 2013-08-06T16:04:08+08:00 ] 127.0.0.8 /
INFO: [ app_begin ] --START--
INFO: ReadHtmlCache Behavior ::run [ RunTime:0.012327s ]
INFO: [ app_begin ] --END-- [ RunTime:0.018833s ]
NOTIC: [8] Undefined index: admin E:\www\test\admin\Lib\Action\IndexAction.class.php 第 8 行.

[ 2013-08-06T16:04:11+08:00 ] 127.0.0.8 /
INFO: [ app_begin ] --START--
INFO: ReadHtmlCache Behavior ::run [ RunTime:0.010992s ]
INFO: [ app_begin ] --END-- [ RunTime:0.021309s ]
NOTIC: [8] Undefined index: admin E:\www\test\admin\Lib\Action\IndexAction.class.php 第 8 行.

[ 2013-08-06T16:04:33+08:00 ] 127.0.0.8 /
INFO: [ app_begin ] --START--
INFO: ReadHtmlCache Behavior ::run [ RunTime:0.017910s ]
INFO: [ app_begin ] --END-- [ RunTime:0.024166s ]
NOTIC: [8] Undefined index: admin E:\www\test\admin\Lib\Action\IndexAction.class.php 第 8 行.

[ 2013-08-06T16:06:03+08:00 ] 127.0.0.8 /index.php?
INFO: [ app_begin ] --START--
INFO: ReadHtmlCache Behavior ::run [ RunTime:0.013629s ]
INFO: [ app_begin ] --END-- [ RunTime:0.019606s ]
NOTIC: [8] Undefined index: admin E:\www\test\admin\Lib\Action\IndexAction.class.php 第 8 行.

[ 2013-08-06T16:06:23+08:00 ] 127.0.0.8 /index.php?
INFO: [ app_begin ] --START--
INFO: ReadHtmlCache Behavior ::run [ RunTime:0.014783s ]
INFO: [ app_begin ] --END-- [ RunTime:0.026720s ]
NOTIC: [8] Undefined index: admin E:\www\test\admin\Lib\Action\IndexAction.class.php 第 8 行.

[ 2013-08-06T16:06:23+08:00 ] 127.0.0.8 /index.php?
INFO: [ app_begin ] --START--
INFO: ReadHtmlCache Behavior ::run [ RunTime:0.015183s ]
INFO: [ app_begin ] --END-- [ RunTime:0.025477s ]
NOTIC: [8] Undefined index: admin E:\www\test\admin\Lib\Action\IndexAction.class.php 第 8 行.

[ 2013-08-06T16:06:24+08:00 ] 127.0.0.8 /index.php?
INFO: [ app_begin ] --START--
INFO: ReadHtmlCache Behavior ::run [ RunTime:0.055579s ]
INFO: [ app_begin ] --END-- [ RunTime:0.064573s ]
NOTIC: [8] Undefined index: admin E:\www\test\admin\Lib\Action\IndexAction.class.php 第 8 行.

[ 2013-08-06T16:06:24+08:00 ] 127.0.0.8 /index.php?
INFO: [ app_begin ] --START--
INFO: ReadHtmlCache Behavior ::run [ RunTime:0.015137s ]
INFO: [ app_begin ] --END-- [ RunTime:0.021129s ]
NOTIC: [8] Undefined index: admin E:\www\test\admin\Lib\Action\IndexAction.class.php 第 8 行.

[ 2013-08-06T16:06:24+08:00 ] 127.0.0.8 /index.php?
INFO: [ app_begin ] --START--
INFO: ReadHtmlCache Behavior ::run [ RunTime:0.017492s ]
INFO: [ app_begin ] --END-- [ RunTime:0.024356s ]
NOTIC: [8] Undefined index: admin E:\www\test\admin\Lib\Action\IndexAction.class.php 第 8 行.

[ 2013-08-06T16:06:28+08:00 ] 127.0.0.8 /
INFO: [ app_begin ] --START--
INFO: ReadHtmlCache Behavior ::run [ RunTime:0.020971s ]
INFO: [ app_begin ] --END-- [ RunTime:0.033956s ]
NOTIC: [8] Undefined index: admin E:\www\test\admin\Lib\Action\IndexAction.class.php 第 8 行.

[ 2013-08-06T16:06:44+08:00 ] 127.0.0.8 /
INFO: [ app_begin ] --START--
INFO: ReadHtmlCache Behavior ::run [ RunTime:0.016447s ]
INFO: [ app_begin ] --END-- [ RunTime:0.022433s ]
NOTIC: [8] Undefined index: admin E:\www\test\admin\Lib\Action\IndexAction.class.php 第 8 行.

[ 2013-08-06T16:11:08+08:00 ] 127.0.0.8 /index.php?m=login
INFO: [ app_begin ] --START--
INFO: ReadHtmlCache Behavior ::run [ RunTime:0.017619s ]
INFO: [ app_begin ] --END-- [ RunTime:0.023699s ]
ERR: 无法加载模块:login

[ 2013-08-06T16:11:15+08:00 ] 127.0.0.8 /index.php?m=Login
INFO: [ app_begin ] --START--
INFO: ReadHtmlCache Behavior ::run [ RunTime:0.015142s ]
INFO: [ app_begin ] --END-- [ RunTime:0.022321s ]

[ 2013-08-06T16:11:58+08:00 ] 127.0.0.8 /index.php?m=Login
INFO: [ app_begin ] --START--
INFO: ReadHtmlCache Behavior ::run [ RunTime:0.016046s ]
INFO: [ app_begin ] --END-- [ RunTime:0.022791s ]
ERR: 无法加载模块:Login

[ 2013-08-06T16:12:09+08:00 ] 127.0.0.8 /index.php?m=Login&a=index
INFO: [ app_begin ] --START--
INFO: ReadHtmlCache Behavior ::run [ RunTime:0.015909s ]
INFO: [ app_begin ] --END-- [ RunTime:0.021869s ]
ERR: 无法加载模块:Login

[ 2013-08-06T16:12:23+08:00 ] 127.0.0.8 /index.php?m=Login&a=index
INFO: [ app_begin ] --START--
INFO: ReadHtmlCache Behavior ::run [ RunTime:0.014487s ]
INFO: [ app_begin ] --END-- [ RunTime:0.025349s ]
NOTIC: [2] Missing argument 1 for Action::show(), called in E:\www\test\admin\Lib\Action\LoginAction.class.php on line 8 and defined E:\www\test\ThinkPHP\Lib\Core\Action.class.php 第 107 行.
NOTIC: [8] Undefined variable: content E:\www\test\ThinkPHP\Lib\Core\Action.class.php 第 108 行.
INFO: [ view_parse ] --START--
INFO: ParseTemplate Behavior ::run [ RunTime:0.163012s ]
INFO: [ view_parse ] --END-- [ RunTime:0.169383s ]
INFO: [ view_filter ] --START--
INFO: ContentReplace Behavior ::run [ RunTime:0.013080s ]
INFO: TokenBuild Behavior ::run [ RunTime:0.016402s ]
INFO: WriteHtmlCache Behavior ::run [ RunTime:0.008049s ]
INFO: ShowRuntime Behavior ::run [ RunTime:0.024343s ]
INFO: [ view_filter ] --END-- [ RunTime:0.082194s ]
INFO: [ view_end ] --START--
INFO: ShowPageTrace Behavior ::run [ RunTime:0.014155s ]
INFO: [ view_end ] --END-- [ RunTime:0.020270s ]

[ 2013-08-06T16:12:31+08:00 ] 127.0.0.8 /index.php?m=Login&a=index
INFO: [ app_begin ] --START--
INFO: ReadHtmlCache Behavior ::run [ RunTime:0.019928s ]
INFO: [ app_begin ] --END-- [ RunTime:0.028287s ]
NOTIC: [2] Missing argument 1 for Action::show(), called in E:\www\test\admin\Lib\Action\LoginAction.class.php on line 8 and defined E:\www\test\ThinkPHP\Lib\Core\Action.class.php 第 107 行.
NOTIC: [8] Undefined variable: content E:\www\test\ThinkPHP\Lib\Core\Action.class.php 第 108 行.
INFO: [ view_parse ] --START--
INFO: ParseTemplate Behavior ::run [ RunTime:0.140406s ]
INFO: [ view_parse ] --END-- [ RunTime:0.146457s ]
INFO: [ view_filter ] --START--
INFO: ContentReplace Behavior ::run [ RunTime:0.018186s ]
INFO: TokenBuild Behavior ::run [ RunTime:0.018123s ]
INFO: WriteHtmlCache Behavior ::run [ RunTime:0.009395s ]
INFO: ShowRuntime Behavior ::run [ RunTime:0.016736s ]
INFO: [ view_filter ] --END-- [ RunTime:0.082347s ]
INFO: [ view_end ] --START--
INFO: ShowPageTrace Behavior ::run [ RunTime:0.011832s ]
INFO: [ view_end ] --END-- [ RunTime:0.017735s ]

[ 2013-08-06T16:13:47+08:00 ] 127.0.0.8 /index.php?m=Login&a=index
INFO: [ app_begin ] --START--
INFO: ReadHtmlCache Behavior ::run [ RunTime:0.017505s ]
INFO: [ app_begin ] --END-- [ RunTime:0.025412s ]
NOTIC: [2] Missing argument 1 for Action::show(), called in E:\www\test\admin\Lib\Action\LoginAction.class.php on line 8 and defined E:\www\test\ThinkPHP\Lib\Core\Action.class.php 第 107 行.
NOTIC: [8] Undefined variable: content E:\www\test\ThinkPHP\Lib\Core\Action.class.php 第 108 行.
INFO: [ view_parse ] --START--
INFO: ParseTemplate Behavior ::run [ RunTime:0.145072s ]
INFO: [ view_parse ] --END-- [ RunTime:0.155813s ]
INFO: [ view_filter ] --START--
INFO: ContentReplace Behavior ::run [ RunTime:0.012391s ]
INFO: TokenBuild Behavior ::run [ RunTime:0.012569s ]
INFO: WriteHtmlCache Behavior ::run [ RunTime:0.006976s ]
INFO: ShowRuntime Behavior ::run [ RunTime:0.020820s ]
INFO: [ view_filter ] --END-- [ RunTime:0.076914s ]
INFO: [ view_end ] --START--
INFO: ShowPageTrace Behavior ::run [ RunTime:0.011491s ]
INFO: [ view_end ] --END-- [ RunTime:0.018161s ]

[ 2013-08-06T16:14:15+08:00 ] 127.0.0.8 /index.php?m=Login&a=index
INFO: [ app_begin ] --START--
INFO: ReadHtmlCache Behavior ::run [ RunTime:0.015345s ]
INFO: [ app_begin ] --END-- [ RunTime:0.021200s ]
NOTIC: [2] Missing argument 1 for Action::show(), called in E:\www\test\admin\Lib\Action\LoginAction.class.php on line 8 and defined E:\www\test\ThinkPHP\Lib\Core\Action.class.php 第 107 行.
NOTIC: [8] Undefined variable: content E:\www\test\ThinkPHP\Lib\Core\Action.class.php 第 108 行.
INFO: [ view_parse ] --START--
INFO: ParseTemplate Behavior ::run [ RunTime:0.141551s ]
INFO: [ view_parse ] --END-- [ RunTime:0.147763s ]
INFO: [ view_filter ] --START--
INFO: ContentReplace Behavior ::run [ RunTime:0.022412s ]
INFO: TokenBuild Behavior ::run [ RunTime:0.017214s ]
INFO: WriteHtmlCache Behavior ::run [ RunTime:0.014612s ]
INFO: ShowRuntime Behavior ::run [ RunTime:0.020583s ]
INFO: [ view_filter ] --END-- [ RunTime:0.094278s ]
INFO: [ view_end ] --START--
INFO: ShowPageTrace Behavior ::run [ RunTime:0.019776s ]
INFO: [ view_end ] --END-- [ RunTime:0.026476s ]

[ 2013-08-06T16:15:16+08:00 ] 127.0.0.8 /index.php?m=Login&a=index
INFO: [ app_begin ] --START--
INFO: ReadHtmlCache Behavior ::run [ RunTime:0.012230s ]
INFO: [ app_begin ] --END-- [ RunTime:0.018196s ]
NOTIC: [2] Missing argument 1 for Action::show(), called in E:\www\test\admin\Lib\Action\LoginAction.class.php on line 8 and defined E:\www\test\ThinkPHP\Lib\Core\Action.class.php 第 107 行.
NOTIC: [8] Undefined variable: content E:\www\test\ThinkPHP\Lib\Core\Action.class.php 第 108 行.
INFO: [ view_parse ] --START--
INFO: ParseTemplate Behavior ::run [ RunTime:0.133663s ]
INFO: [ view_parse ] --END-- [ RunTime:0.139570s ]
INFO: [ view_filter ] --START--
INFO: ContentReplace Behavior ::run [ RunTime:0.010557s ]
INFO: TokenBuild Behavior ::run [ RunTime:0.011879s ]
INFO: WriteHtmlCache Behavior ::run [ RunTime:0.008311s ]
INFO: ShowRuntime Behavior ::run [ RunTime:0.017482s ]
INFO: [ view_filter ] --END-- [ RunTime:0.073645s ]
INFO: [ view_end ] --START--
INFO: ShowPageTrace Behavior ::run [ RunTime:0.016185s ]
INFO: [ view_end ] --END-- [ RunTime:0.022241s ]

[ 2013-08-06T16:15:32+08:00 ] 127.0.0.8 /index.php?m=Login&a=index
INFO: [ app_begin ] --START--
INFO: ReadHtmlCache Behavior ::run [ RunTime:0.014489s ]
INFO: [ app_begin ] --END-- [ RunTime:0.020555s ]
NOTIC: [2] Missing argument 1 for Action::show(), called in E:\www\test\admin\Lib\Action\LoginAction.class.php on line 8 and defined E:\www\test\ThinkPHP\Lib\Core\Action.class.php 第 107 行.
NOTIC: [8] Undefined variable: content E:\www\test\ThinkPHP\Lib\Core\Action.class.php 第 108 行.
INFO: [ view_parse ] --START--
INFO: ParseTemplate Behavior ::run [ RunTime:0.139924s ]
INFO: [ view_parse ] --END-- [ RunTime:0.148075s ]
INFO: [ view_filter ] --START--
INFO: ContentReplace Behavior ::run [ RunTime:0.012427s ]
INFO: TokenBuild Behavior ::run [ RunTime:0.013777s ]
INFO: WriteHtmlCache Behavior ::run [ RunTime:0.006787s ]
INFO: ShowRuntime Behavior ::run [ RunTime:0.018559s ]
INFO: [ view_filter ] --END-- [ RunTime:0.073321s ]
INFO: [ view_end ] --START--
INFO: ShowPageTrace Behavior ::run [ RunTime:0.014572s ]
INFO: [ view_end ] --END-- [ RunTime:0.021012s ]

[ 2013-08-06T16:26:48+08:00 ] 127.0.0.8 /?
INFO: [ app_begin ] --START--
INFO: ReadHtmlCache Behavior ::run [ RunTime:0.013573s ]
INFO: [ app_begin ] --END-- [ RunTime:0.019560s ]
NOTIC: [8] Undefined index: admin E:\www\test\admin\Lib\Action\IndexAction.class.php 第 8 行.

[ 2013-08-06T16:27:16+08:00 ] 127.0.0.8 /
INFO: [ app_begin ] --START--
INFO: ReadHtmlCache Behavior ::run [ RunTime:0.014845s ]
INFO: [ app_begin ] --END-- [ RunTime:0.021498s ]
NOTIC: [8] Undefined index: admin E:\www\test\admin\Lib\Action\IndexAction.class.php 第 8 行.

[ 2013-08-06T16:27:27+08:00 ] 127.0.0.8 /
INFO: [ app_begin ] --START--
INFO: ReadHtmlCache Behavior ::run [ RunTime:0.018384s ]
INFO: [ app_begin ] --END-- [ RunTime:0.025855s ]
NOTIC: [8] Undefined index: admin E:\www\test\admin\Lib\Action\IndexAction.class.php 第 8 行.

[ 2013-08-06T16:27:28+08:00 ] 127.0.0.8 /
INFO: [ app_begin ] --START--
INFO: ReadHtmlCache Behavior ::run [ RunTime:0.021555s ]
INFO: [ app_begin ] --END-- [ RunTime:0.033586s ]
NOTIC: [8] Undefined index: admin E:\www\test\admin\Lib\Action\IndexAction.class.php 第 8 行.

[ 2013-08-06T16:27:29+08:00 ] 127.0.0.8 /
INFO: [ app_begin ] --START--
INFO: ReadHtmlCache Behavior ::run [ RunTime:0.017525s ]
INFO: [ app_begin ] --END-- [ RunTime:0.026017s ]
NOTIC: [8] Undefined index: admin E:\www\test\admin\Lib\Action\IndexAction.class.php 第 8 行.

[ 2013-08-06T16:27:29+08:00 ] 127.0.0.8 /
INFO: [ app_begin ] --START--
INFO: ReadHtmlCache Behavior ::run [ RunTime:0.023888s ]
INFO: [ app_begin ] --END-- [ RunTime:0.033226s ]
NOTIC: [8] Undefined index: admin E:\www\test\admin\Lib\Action\IndexAction.class.php 第 8 行.

[ 2013-08-06T16:27:38+08:00 ] 127.0.0.8 /
INFO: [ app_begin ] --START--
INFO: ReadHtmlCache Behavior ::run [ RunTime:0.018648s ]
INFO: [ app_begin ] --END-- [ RunTime:0.026139s ]
NOTIC: [8] Undefined index: admin E:\www\test\admin\Lib\Action\IndexAction.class.php 第 8 行.

[ 2013-08-06T16:34:47+08:00 ] 127.0.0.8 /
INFO: [ app_begin ] --START--
INFO: ReadHtmlCache Behavior ::run [ RunTime:0.017356s ]
INFO: [ app_begin ] --END-- [ RunTime:0.023275s ]
NOTIC: [8] Undefined index: admin E:\www\test\admin\Lib\Action\IndexAction.class.php 第 8 行.
NOTIC: [4096] Object of class IndexAction could not be converted to string E:\www\test\admin\Lib\Action\IndexAction.class.php 第 10 行.

[ 2013-08-06T16:34:58+08:00 ] 127.0.0.8 /
INFO: [ app_begin ] --START--
INFO: ReadHtmlCache Behavior ::run [ RunTime:0.012733s ]
INFO: [ app_begin ] --END-- [ RunTime:0.020196s ]
NOTIC: [8] Undefined index: admin E:\www\test\admin\Lib\Action\IndexAction.class.php 第 8 行.

[ 2013-08-06T16:35:11+08:00 ] 127.0.0.8 /
INFO: [ app_begin ] --START--
INFO: ReadHtmlCache Behavior ::run [ RunTime:0.033314s ]
INFO: [ app_begin ] --END-- [ RunTime:0.039941s ]
NOTIC: [8] Undefined index: admin E:\www\test\admin\Lib\Action\IndexAction.class.php 第 8 行.

[ 2013-08-06T16:35:12+08:00 ] 127.0.0.8 /
INFO: [ app_begin ] --START--
INFO: ReadHtmlCache Behavior ::run [ RunTime:0.014738s ]
INFO: [ app_begin ] --END-- [ RunTime:0.020713s ]
NOTIC: [8] Undefined index: admin E:\www\test\admin\Lib\Action\IndexAction.class.php 第 8 行.

[ 2013-08-06T16:35:13+08:00 ] 127.0.0.8 /
INFO: [ app_begin ] --START--
INFO: ReadHtmlCache Behavior ::run [ RunTime:0.017778s ]
INFO: [ app_begin ] --END-- [ RunTime:0.024969s ]
NOTIC: [8] Undefined index: admin E:\www\test\admin\Lib\Action\IndexAction.class.php 第 8 行.

[ 2013-08-06T16:35:34+08:00 ] 127.0.0.8 /index.php?m=Login&a=index
INFO: [ app_begin ] --START--
INFO: ReadHtmlCache Behavior ::run [ RunTime:0.012423s ]
INFO: [ app_begin ] --END-- [ RunTime:0.018460s ]
NOTIC: [2] Missing argument 1 for Action::show(), called in E:\www\test\admin\Lib\Action\LoginAction.class.php on line 8 and defined E:\www\test\ThinkPHP\Lib\Core\Action.class.php 第 107 行.
NOTIC: [8] Undefined variable: content E:\www\test\ThinkPHP\Lib\Core\Action.class.php 第 108 行.
INFO: [ view_parse ] --START--
INFO: ParseTemplate Behavior ::run [ RunTime:0.153456s ]
INFO: [ view_parse ] --END-- [ RunTime:0.168659s ]
INFO: [ view_filter ] --START--
INFO: ContentReplace Behavior ::run [ RunTime:0.014599s ]
INFO: TokenBuild Behavior ::run [ RunTime:0.015678s ]
INFO: WriteHtmlCache Behavior ::run [ RunTime:0.010428s ]
INFO: ShowRuntime Behavior ::run [ RunTime:0.017753s ]
INFO: [ view_filter ] --END-- [ RunTime:0.082419s ]
INFO: [ view_end ] --START--
INFO: ShowPageTrace Behavior ::run [ RunTime:0.013019s ]
INFO: [ view_end ] --END-- [ RunTime:0.019450s ]

[ 2013-08-06T16:38:05+08:00 ] 127.0.0.8 /index.php?m=Login&a=index
INFO: [ app_begin ] --START--
INFO: ReadHtmlCache Behavior ::run [ RunTime:0.019152s ]
INFO: [ app_begin ] --END-- [ RunTime:0.030240s ]
NOTIC: [2] Missing argument 1 for Action::show(), called in E:\www\test\admin\Lib\Action\LoginAction.class.php on line 8 and defined E:\www\test\ThinkPHP\Lib\Core\Action.class.php 第 107 行.
NOTIC: [8] Undefined variable: content E:\www\test\ThinkPHP\Lib\Core\Action.class.php 第 108 行.
INFO: [ view_parse ] --START--
INFO: ParseTemplate Behavior ::run [ RunTime:0.246280s ]
INFO: [ view_parse ] --END-- [ RunTime:0.259179s ]
INFO: [ view_filter ] --START--
INFO: ContentReplace Behavior ::run [ RunTime:0.017508s ]
INFO: TokenBuild Behavior ::run [ RunTime:0.017353s ]
INFO: WriteHtmlCache Behavior ::run [ RunTime:0.012101s ]
INFO: ShowRuntime Behavior ::run [ RunTime:0.021862s ]
INFO: [ view_filter ] --END-- [ RunTime:0.103323s ]
INFO: [ view_end ] --START--
INFO: ShowPageTrace Behavior ::run [ RunTime:0.012020s ]
INFO: [ view_end ] --END-- [ RunTime:0.019684s ]

[ 2013-08-06T16:46:31+08:00 ] 127.0.0.8 /index.php?m=Login&a=index
INFO: [ app_begin ] --START--
INFO: ReadHtmlCache Behavior ::run [ RunTime:0.019631s ]
INFO: [ app_begin ] --END-- [ RunTime:0.026729s ]
NOTIC: [2] Missing argument 1 for Action::show(), called in E:\www\test\admin\Lib\Action\LoginAction.class.php on line 8 and defined E:\www\test\ThinkPHP\Lib\Core\Action.class.php 第 107 行.
NOTIC: [8] Undefined variable: content E:\www\test\ThinkPHP\Lib\Core\Action.class.php 第 108 行.
INFO: [ view_parse ] --START--
INFO: ParseTemplate Behavior ::run [ RunTime:0.194138s ]
INFO: [ view_parse ] --END-- [ RunTime:0.200102s ]
INFO: [ view_filter ] --START--
INFO: ContentReplace Behavior ::run [ RunTime:0.013568s ]
INFO: TokenBuild Behavior ::run [ RunTime:0.020106s ]
INFO: WriteHtmlCache Behavior ::run [ RunTime:0.009484s ]
INFO: ShowRuntime Behavior ::run [ RunTime:0.030147s ]
INFO: [ view_filter ] --END-- [ RunTime:0.091370s ]
INFO: [ view_end ] --START--
INFO: ShowPageTrace Behavior ::run [ RunTime:0.016422s ]
INFO: [ view_end ] --END-- [ RunTime:0.023823s ]

[ 2013-08-06T16:49:31+08:00 ] 127.0.0.8 /index.php/Login/login/id/1.html?
INFO: [ route_check ] --START--
INFO: CheckRoute Behavior ::run [ RunTime:0.017299s ]
INFO: [ route_check ] --END-- [ RunTime:0.028439s ]
INFO: [ app_begin ] --START--
INFO: ReadHtmlCache Behavior ::run [ RunTime:0.024543s ]
INFO: [ app_begin ] --END-- [ RunTime:0.030851s ]
NOTIC: [2] mysql_connect() [<a href='function.mysql-connect'>function.mysql-connect</a>]: Access denied for user 'root'@'localhost' (using password: NO) E:\www\test\ThinkPHP\Lib\Driver\Db\DbMysql.class.php 第 55 行.
ERR: Access denied for user 'root'@'localhost' (using password: NO)

[ 2013-08-06T16:50:28+08:00 ] 127.0.0.8 /index.php/Login/login/id/1.html?
INFO: [ route_check ] --START--
INFO: CheckRoute Behavior ::run [ RunTime:0.019408s ]
INFO: [ route_check ] --END-- [ RunTime:0.032441s ]
INFO: [ app_begin ] --START--
INFO: ReadHtmlCache Behavior ::run [ RunTime:0.011638s ]
INFO: [ app_begin ] --END-- [ RunTime:0.017816s ]
SQL: SHOW COLUMNS FROM `think_admin` [ RunTime:0.010114s ]
ERR: 1146:Table 'notebook.think_admin' doesn't exist
 [ SQL语句 ] : SHOW COLUMNS FROM `think_admin`
SQL: SELECT * FROM `think_admin` WHERE ( email='' and password='d41d8cd98f00b204e9800998ecf8427e' ) LIMIT 1   [ RunTime:0.004363s ]
ERR: 1146:Table 'notebook.think_admin' doesn't exist
 [ SQL语句 ] : SELECT * FROM `think_admin` WHERE ( email='' and password='d41d8cd98f00b204e9800998ecf8427e' ) LIMIT 1  

[ 2013-08-06T16:50:42+08:00 ] 127.0.0.8 /index.php/Login/login/id/1.html?
INFO: [ route_check ] --START--
INFO: CheckRoute Behavior ::run [ RunTime:0.012559s ]
INFO: [ route_check ] --END-- [ RunTime:0.020718s ]
INFO: [ app_begin ] --START--
INFO: ReadHtmlCache Behavior ::run [ RunTime:0.016310s ]
INFO: [ app_begin ] --END-- [ RunTime:0.022443s ]
SQL: SHOW COLUMNS FROM `think_admin` [ RunTime:0.014286s ]
ERR: 1146:Table 'notebook.think_admin' doesn't exist
 [ SQL语句 ] : SHOW COLUMNS FROM `think_admin`
SQL: SELECT * FROM `think_admin` WHERE ( email='' and password='d41d8cd98f00b204e9800998ecf8427e' ) LIMIT 1   [ RunTime:0.003631s ]
ERR: 1146:Table 'notebook.think_admin' doesn't exist
 [ SQL语句 ] : SELECT * FROM `think_admin` WHERE ( email='' and password='d41d8cd98f00b204e9800998ecf8427e' ) LIMIT 1  

[ 2013-08-06T16:50:51+08:00 ] 127.0.0.8 /index.php/Login/login/id/1.html?
INFO: [ route_check ] --START--
INFO: CheckRoute Behavior ::run [ RunTime:0.018345s ]
INFO: [ route_check ] --END-- [ RunTime:0.030639s ]
INFO: [ app_begin ] --START--
INFO: ReadHtmlCache Behavior ::run [ RunTime:0.014838s ]
INFO: [ app_begin ] --END-- [ RunTime:0.021986s ]
SQL: SHOW COLUMNS FROM `think_admin` [ RunTime:0.015987s ]
ERR: 1146:Table 'notebook.think_admin' doesn't exist
 [ SQL语句 ] : SHOW COLUMNS FROM `think_admin`
SQL: SELECT * FROM `think_admin` WHERE ( email='' and password='d41d8cd98f00b204e9800998ecf8427e' ) LIMIT 1   [ RunTime:0.014143s ]
ERR: 1146:Table 'notebook.think_admin' doesn't exist
 [ SQL语句 ] : SELECT * FROM `think_admin` WHERE ( email='' and password='d41d8cd98f00b204e9800998ecf8427e' ) LIMIT 1  

[ 2013-08-06T16:50:54+08:00 ] 127.0.0.8 /index.php/Login/login/id/1.html?
INFO: [ route_check ] --START--
INFO: CheckRoute Behavior ::run [ RunTime:0.018018s ]
INFO: [ route_check ] --END-- [ RunTime:0.027651s ]
INFO: [ app_begin ] --START--
INFO: ReadHtmlCache Behavior ::run [ RunTime:0.016878s ]
INFO: [ app_begin ] --END-- [ RunTime:0.028091s ]
SQL: SHOW COLUMNS FROM `think_admin` [ RunTime:0.024012s ]
ERR: 1146:Table 'notebook.think_admin' doesn't exist
 [ SQL语句 ] : SHOW COLUMNS FROM `think_admin`
SQL: SELECT * FROM `think_admin` WHERE ( email='' and password='d41d8cd98f00b204e9800998ecf8427e' ) LIMIT 1   [ RunTime:0.004033s ]
ERR: 1146:Table 'notebook.think_admin' doesn't exist
 [ SQL语句 ] : SELECT * FROM `think_admin` WHERE ( email='' and password='d41d8cd98f00b204e9800998ecf8427e' ) LIMIT 1  

[ 2013-08-06T16:51:37+08:00 ] 127.0.0.8 /index.php/Login/login/id/1.html?remember=on
INFO: [ route_check ] --START--
INFO: CheckRoute Behavior ::run [ RunTime:0.013840s ]
INFO: [ route_check ] --END-- [ RunTime:0.020182s ]
INFO: [ app_begin ] --START--
INFO: ReadHtmlCache Behavior ::run [ RunTime:0.025072s ]
INFO: [ app_begin ] --END-- [ RunTime:0.031210s ]
SQL: SHOW COLUMNS FROM `think_admin` [ RunTime:0.018399s ]
ERR: 1146:Table 'notebook.think_admin' doesn't exist
 [ SQL语句 ] : SHOW COLUMNS FROM `think_admin`
SQL: SELECT * FROM `think_admin` WHERE ( email='' and password='d41d8cd98f00b204e9800998ecf8427e' ) LIMIT 1   [ RunTime:0.005565s ]
ERR: 1146:Table 'notebook.think_admin' doesn't exist
 [ SQL语句 ] : SELECT * FROM `think_admin` WHERE ( email='' and password='d41d8cd98f00b204e9800998ecf8427e' ) LIMIT 1  

[ 2013-08-06T16:52:35+08:00 ] 127.0.0.8 /index.php/Login/login/id/1.html?remember=on
INFO: [ route_check ] --START--
INFO: CheckRoute Behavior ::run [ RunTime:0.016197s ]
INFO: [ route_check ] --END-- [ RunTime:0.023510s ]
INFO: [ app_begin ] --START--
INFO: ReadHtmlCache Behavior ::run [ RunTime:0.016366s ]
INFO: [ app_begin ] --END-- [ RunTime:0.024027s ]
SQL: SHOW COLUMNS FROM `think_admin` [ RunTime:0.012431s ]
ERR: 1146:Table 'notebook.think_admin' doesn't exist
 [ SQL语句 ] : SHOW COLUMNS FROM `think_admin`
SQL: SELECT * FROM `think_admin` WHERE ( email='' and password='d41d8cd98f00b204e9800998ecf8427e' ) LIMIT 1   [ RunTime:0.003210s ]
ERR: 1146:Table 'notebook.think_admin' doesn't exist
 [ SQL语句 ] : SELECT * FROM `think_admin` WHERE ( email='' and password='d41d8cd98f00b204e9800998ecf8427e' ) LIMIT 1  

[ 2013-08-06T16:53:13+08:00 ] 127.0.0.8 /index.php/Login/login/id/1.html?remember=on
INFO: [ route_check ] --START--
INFO: CheckRoute Behavior ::run [ RunTime:0.021213s ]
INFO: [ route_check ] --END-- [ RunTime:0.029192s ]
INFO: [ app_begin ] --START--
INFO: ReadHtmlCache Behavior ::run [ RunTime:0.019790s ]
INFO: [ app_begin ] --END-- [ RunTime:0.027861s ]
SQL: SHOW COLUMNS FROM `think_admin` [ RunTime:0.018284s ]
ERR: 1146:Table 'notebook.think_admin' doesn't exist
 [ SQL语句 ] : SHOW COLUMNS FROM `think_admin`
SQL: SELECT * FROM `think_admin` WHERE ( email='' and password='d41d8cd98f00b204e9800998ecf8427e' ) LIMIT 1   [ RunTime:0.012205s ]
ERR: 1146:Table 'notebook.think_admin' doesn't exist
 [ SQL语句 ] : SELECT * FROM `think_admin` WHERE ( email='' and password='d41d8cd98f00b204e9800998ecf8427e' ) LIMIT 1  

[ 2013-08-06T16:54:02+08:00 ] 127.0.0.8 /index.php/Login/login/id/1.html?remember=on
INFO: [ route_check ] --START--
INFO: CheckRoute Behavior ::run [ RunTime:0.011582s ]
INFO: [ route_check ] --END-- [ RunTime:0.018522s ]
INFO: [ app_begin ] --START--
INFO: ReadHtmlCache Behavior ::run [ RunTime:0.018237s ]
INFO: [ app_begin ] --END-- [ RunTime:0.026612s ]
SQL: SHOW COLUMNS FROM `think_admin` [ RunTime:0.012853s ]
ERR: 1146:Table 'notebook.think_admin' doesn't exist
 [ SQL语句 ] : SHOW COLUMNS FROM `think_admin`
SQL: SELECT * FROM `think_admin` WHERE ( email='' and password='d41d8cd98f00b204e9800998ecf8427e' ) LIMIT 1   [ RunTime:0.003048s ]
ERR: 1146:Table 'notebook.think_admin' doesn't exist
 [ SQL语句 ] : SELECT * FROM `think_admin` WHERE ( email='' and password='d41d8cd98f00b204e9800998ecf8427e' ) LIMIT 1  

[ 2013-08-06T16:54:19+08:00 ] 127.0.0.8 /index.php/Login/login/id/1.html?remember=on
INFO: [ route_check ] --START--
INFO: CheckRoute Behavior ::run [ RunTime:0.013198s ]
INFO: [ route_check ] --END-- [ RunTime:0.020012s ]
INFO: [ app_begin ] --START--
INFO: ReadHtmlCache Behavior ::run [ RunTime:0.024122s ]
INFO: [ app_begin ] --END-- [ RunTime:0.033038s ]
SQL: SHOW COLUMNS FROM `think_admin` [ RunTime:0.030078s ]
ERR: 1146:Table 'notebook.think_admin' doesn't exist
 [ SQL语句 ] : SHOW COLUMNS FROM `think_admin`
SQL: SELECT * FROM `think_admin` WHERE ( email='' and password='d41d8cd98f00b204e9800998ecf8427e' ) LIMIT 1   [ RunTime:0.002790s ]
ERR: 1146:Table 'notebook.think_admin' doesn't exist
 [ SQL语句 ] : SELECT * FROM `think_admin` WHERE ( email='' and password='d41d8cd98f00b204e9800998ecf8427e' ) LIMIT 1  

[ 2013-08-06T16:55:10+08:00 ] 127.0.0.8 /index.php/Login/login/id/1.html?remember=on
INFO: [ route_check ] --START--
INFO: CheckRoute Behavior ::run [ RunTime:0.010440s ]
INFO: [ route_check ] --END-- [ RunTime:0.016901s ]
INFO: [ app_begin ] --START--
INFO: ReadHtmlCache Behavior ::run [ RunTime:0.017559s ]
INFO: [ app_begin ] --END-- [ RunTime:0.025991s ]
SQL: SHOW COLUMNS FROM `think_admin` [ RunTime:0.014734s ]
ERR: 1146:Table 'notebook.think_admin' doesn't exist
 [ SQL语句 ] : SHOW COLUMNS FROM `think_admin`
SQL: SELECT * FROM `think_admin` WHERE ( email='' and password='d41d8cd98f00b204e9800998ecf8427e' ) LIMIT 1   [ RunTime:0.005366s ]
ERR: 1146:Table 'notebook.think_admin' doesn't exist
 [ SQL语句 ] : SELECT * FROM `think_admin` WHERE ( email='' and password='d41d8cd98f00b204e9800998ecf8427e' ) LIMIT 1  
NOTIC: [8] Undefined index: username E:\www\test\admin\Lib\Action\LoginAction.class.php 第 17 行.

[ 2013-08-06T16:55:16+08:00 ] 127.0.0.8 /index.php/Login/login/id/1.html?remember=on
INFO: [ route_check ] --START--
INFO: CheckRoute Behavior ::run [ RunTime:0.010936s ]
INFO: [ route_check ] --END-- [ RunTime:0.017676s ]
INFO: [ app_begin ] --START--
INFO: ReadHtmlCache Behavior ::run [ RunTime:0.013196s ]
INFO: [ app_begin ] --END-- [ RunTime:0.019710s ]
SQL: SHOW COLUMNS FROM `think_admin` [ RunTime:0.010979s ]
ERR: 1146:Table 'notebook.think_admin' doesn't exist
 [ SQL语句 ] : SHOW COLUMNS FROM `think_admin`
SQL: SELECT * FROM `think_admin` WHERE ( email='' and password='d41d8cd98f00b204e9800998ecf8427e' ) LIMIT 1   [ RunTime:0.011717s ]
ERR: 1146:Table 'notebook.think_admin' doesn't exist
 [ SQL语句 ] : SELECT * FROM `think_admin` WHERE ( email='' and password='d41d8cd98f00b204e9800998ecf8427e' ) LIMIT 1  
NOTIC: [8] Undefined index: username E:\www\test\admin\Lib\Action\LoginAction.class.php 第 17 行.

[ 2013-08-06T16:55:36+08:00 ] 127.0.0.8 /index.php/Login/login/id/1.html?remember=on
INFO: [ route_check ] --START--
INFO: CheckRoute Behavior ::run [ RunTime:0.010083s ]
INFO: [ route_check ] --END-- [ RunTime:0.027094s ]
INFO: [ app_begin ] --START--
INFO: ReadHtmlCache Behavior ::run [ RunTime:0.018583s ]
INFO: [ app_begin ] --END-- [ RunTime:0.024593s ]
NOTIC: [8] Undefined index: username E:\www\test\admin\Lib\Action\LoginAction.class.php 第 12 行.
SQL: SHOW COLUMNS FROM `think_admin` [ RunTime:0.011916s ]
ERR: 1146:Table 'notebook.think_admin' doesn't exist
 [ SQL语句 ] : SHOW COLUMNS FROM `think_admin`
SQL: SELECT * FROM `think_admin` WHERE ( email='' and password='d41d8cd98f00b204e9800998ecf8427e' ) LIMIT 1   [ RunTime:0.003383s ]
ERR: 1146:Table 'notebook.think_admin' doesn't exist
 [ SQL语句 ] : SELECT * FROM `think_admin` WHERE ( email='' and password='d41d8cd98f00b204e9800998ecf8427e' ) LIMIT 1  

[ 2013-08-06T16:55:44+08:00 ] 127.0.0.8 /index.php/Login/login/id/1.html?remember=on
INFO: [ route_check ] --START--
INFO: CheckRoute Behavior ::run [ RunTime:0.025415s ]
INFO: [ route_check ] --END-- [ RunTime:0.050430s ]
INFO: [ app_begin ] --START--
INFO: ReadHtmlCache Behavior ::run [ RunTime:0.020303s ]
INFO: [ app_begin ] --END-- [ RunTime:0.028508s ]
NOTIC: [8] Undefined index: username E:\www\test\admin\Lib\Action\LoginAction.class.php 第 13 行.
SQL: SHOW COLUMNS FROM `think_admin` [ RunTime:0.036953s ]
ERR: 1146:Table 'notebook.think_admin' doesn't exist
 [ SQL语句 ] : SHOW COLUMNS FROM `think_admin`
SQL: SELECT * FROM `think_admin` WHERE ( email='' and password='d41d8cd98f00b204e9800998ecf8427e' ) LIMIT 1   [ RunTime:0.006336s ]
ERR: 1146:Table 'notebook.think_admin' doesn't exist
 [ SQL语句 ] : SELECT * FROM `think_admin` WHERE ( email='' and password='d41d8cd98f00b204e9800998ecf8427e' ) LIMIT 1  

[ 2013-08-06T16:56:13+08:00 ] 127.0.0.8 /index.php/Login/login/id/1.html?remember=on
INFO: [ route_check ] --START--
INFO: CheckRoute Behavior ::run [ RunTime:0.010951s ]
INFO: [ route_check ] --END-- [ RunTime:0.017247s ]
INFO: [ app_begin ] --START--
INFO: ReadHtmlCache Behavior ::run [ RunTime:0.012034s ]
INFO: [ app_begin ] --END-- [ RunTime:0.024918s ]
NOTIC: [8] Undefined index: username E:\www\test\admin\Lib\Action\LoginAction.class.php 第 13 行.
SQL: SHOW COLUMNS FROM `think_admin` [ RunTime:0.011479s ]
ERR: 1146:Table 'notebook.think_admin' doesn't exist
 [ SQL语句 ] : SHOW COLUMNS FROM `think_admin`
SQL: SELECT * FROM `think_admin` WHERE ( email='' and password='d41d8cd98f00b204e9800998ecf8427e' ) LIMIT 1   [ RunTime:0.004617s ]
ERR: 1146:Table 'notebook.think_admin' doesn't exist
 [ SQL语句 ] : SELECT * FROM `think_admin` WHERE ( email='' and password='d41d8cd98f00b204e9800998ecf8427e' ) LIMIT 1  

[ 2013-08-06T16:56:54+08:00 ] 127.0.0.8 /index.php/Login/login/id/1.html?remember=on
INFO: [ route_check ] --START--
INFO: CheckRoute Behavior ::run [ RunTime:0.010491s ]
INFO: [ route_check ] --END-- [ RunTime:0.017713s ]
INFO: [ app_begin ] --START--
INFO: ReadHtmlCache Behavior ::run [ RunTime:0.012815s ]
INFO: [ app_begin ] --END-- [ RunTime:0.019664s ]
NOTIC: [8] Undefined index: username E:\www\test\admin\Lib\Action\LoginAction.class.php 第 13 行.

[ 2013-08-06T16:57:05+08:00 ] 127.0.0.8 /index.php/Login/login/id/1.html?remember=on
INFO: [ route_check ] --START--
INFO: CheckRoute Behavior ::run [ RunTime:0.019532s ]
INFO: [ route_check ] --END-- [ RunTime:0.025614s ]
INFO: [ app_begin ] --START--
INFO: ReadHtmlCache Behavior ::run [ RunTime:0.019703s ]
INFO: [ app_begin ] --END-- [ RunTime:0.027924s ]

[ 2013-08-06T16:57:21+08:00 ] 127.0.0.8 /index.php/Login/login/id/1.html?remember=on
INFO: [ route_check ] --START--
INFO: CheckRoute Behavior ::run [ RunTime:0.017707s ]
INFO: [ route_check ] --END-- [ RunTime:0.024351s ]
INFO: [ app_begin ] --START--
INFO: ReadHtmlCache Behavior ::run [ RunTime:0.016894s ]
INFO: [ app_begin ] --END-- [ RunTime:0.025448s ]

[ 2013-08-06T16:57:35+08:00 ] 127.0.0.8 /index.php/Login/login/id/1.html?remember=on
INFO: [ route_check ] --START--
INFO: CheckRoute Behavior ::run [ RunTime:0.018645s ]
INFO: [ route_check ] --END-- [ RunTime:0.026924s ]
INFO: [ app_begin ] --START--
INFO: ReadHtmlCache Behavior ::run [ RunTime:0.018710s ]
INFO: [ app_begin ] --END-- [ RunTime:0.025294s ]

[ 2013-08-06T16:57:48+08:00 ] 127.0.0.8 /index.php/Login/login/id/1.html?remember=on
INFO: [ route_check ] --START--
INFO: CheckRoute Behavior ::run [ RunTime:0.024971s ]
INFO: [ route_check ] --END-- [ RunTime:0.034247s ]
INFO: [ app_begin ] --START--
INFO: ReadHtmlCache Behavior ::run [ RunTime:0.016935s ]
INFO: [ app_begin ] --END-- [ RunTime:0.024104s ]

[ 2013-08-06T16:58:27+08:00 ] 127.0.0.8 /index.php/Login/login/id/1.html?remember=on
INFO: [ route_check ] --START--
INFO: CheckRoute Behavior ::run [ RunTime:0.019345s ]
INFO: [ route_check ] --END-- [ RunTime:0.025286s ]
INFO: [ app_begin ] --START--
INFO: ReadHtmlCache Behavior ::run [ RunTime:0.018481s ]
INFO: [ app_begin ] --END-- [ RunTime:0.025643s ]

[ 2013-08-06T16:58:49+08:00 ] 127.0.0.8 /index.php/Login/login/id/1.html?remember=on
INFO: [ route_check ] --START--
INFO: CheckRoute Behavior ::run [ RunTime:0.012170s ]
INFO: [ route_check ] --END-- [ RunTime:0.018505s ]
INFO: [ app_begin ] --START--
INFO: ReadHtmlCache Behavior ::run [ RunTime:0.013992s ]
INFO: [ app_begin ] --END-- [ RunTime:0.025504s ]

[ 2013-08-06T17:03:54+08:00 ] 127.0.0.8 /index.php/Login/login/id/1.html?remember=on
INFO: [ route_check ] --START--
INFO: CheckRoute Behavior ::run [ RunTime:0.011285s ]
INFO: [ route_check ] --END-- [ RunTime:0.018068s ]
INFO: [ app_begin ] --START--
INFO: ReadHtmlCache Behavior ::run [ RunTime:0.023133s ]
INFO: [ app_begin ] --END-- [ RunTime:0.029298s ]

[ 2013-08-06T17:03:57+08:00 ] 127.0.0.8 /index.php/Login/login/id/1.html?remember=on
INFO: [ route_check ] --START--
INFO: CheckRoute Behavior ::run [ RunTime:0.019077s ]
INFO: [ route_check ] --END-- [ RunTime:0.027342s ]
INFO: [ app_begin ] --START--
INFO: ReadHtmlCache Behavior ::run [ RunTime:0.015897s ]
INFO: [ app_begin ] --END-- [ RunTime:0.023433s ]

[ 2013-08-06T17:06:10+08:00 ] 127.0.0.8 /index.php/Login/login/id/1.html?remember=on
INFO: [ route_check ] --START--
INFO: CheckRoute Behavior ::run [ RunTime:0.015444s ]
INFO: [ route_check ] --END-- [ RunTime:0.024629s ]
INFO: [ app_begin ] --START--
INFO: ReadHtmlCache Behavior ::run [ RunTime:0.023477s ]
INFO: [ app_begin ] --END-- [ RunTime:0.031431s ]

[ 2013-08-06T17:06:35+08:00 ] 127.0.0.8 /index.php/Login/login/id/1.html?remember=on
INFO: [ route_check ] --START--
INFO: CheckRoute Behavior ::run [ RunTime:0.016759s ]
INFO: [ route_check ] --END-- [ RunTime:0.024281s ]
INFO: [ app_begin ] --START--
INFO: ReadHtmlCache Behavior ::run [ RunTime:0.024032s ]
INFO: [ app_begin ] --END-- [ RunTime:0.031751s ]

[ 2013-08-06T17:06:53+08:00 ] 127.0.0.8 /index.php/Login/login/id/1.html?remember=on
INFO: [ route_check ] --START--
INFO: CheckRoute Behavior ::run [ RunTime:0.012351s ]
INFO: [ route_check ] --END-- [ RunTime:0.018899s ]
INFO: [ app_begin ] --START--
INFO: ReadHtmlCache Behavior ::run [ RunTime:0.017075s ]
INFO: [ app_begin ] --END-- [ RunTime:0.025556s ]

[ 2013-08-06T17:13:12+08:00 ] 127.0.0.8 /index.php/Login/login/id/1.html?remember=on
INFO: [ route_check ] --START--
INFO: CheckRoute Behavior ::run [ RunTime:0.014260s ]
INFO: [ route_check ] --END-- [ RunTime:0.021874s ]
INFO: [ app_begin ] --START--
INFO: ReadHtmlCache Behavior ::run [ RunTime:0.014466s ]
INFO: [ app_begin ] --END-- [ RunTime:0.022249s ]

[ 2013-08-06T17:13:13+08:00 ] 127.0.0.8 /index.php/Login/login/id/1.html?remember=on
INFO: [ route_check ] --START--
INFO: CheckRoute Behavior ::run [ RunTime:0.012045s ]
INFO: [ route_check ] --END-- [ RunTime:0.018290s ]
INFO: [ app_begin ] --START--
INFO: ReadHtmlCache Behavior ::run [ RunTime:0.016974s ]
INFO: [ app_begin ] --END-- [ RunTime:0.023072s ]

[ 2013-08-06T17:13:14+08:00 ] 127.0.0.8 /index.php/Login/login/id/1.html?remember=on
INFO: [ route_check ] --START--
INFO: CheckRoute Behavior ::run [ RunTime:0.015183s ]
INFO: [ route_check ] --END-- [ RunTime:0.021722s ]
INFO: [ app_begin ] --START--
INFO: ReadHtmlCache Behavior ::run [ RunTime:0.014062s ]
INFO: [ app_begin ] --END-- [ RunTime:0.020326s ]

[ 2013-08-06T17:13:15+08:00 ] 127.0.0.8 /index.php/Login/login/id/1.html?remember=on
INFO: [ route_check ] --START--
INFO: CheckRoute Behavior ::run [ RunTime:0.015913s ]
INFO: [ route_check ] --END-- [ RunTime:0.024333s ]
INFO: [ app_begin ] --START--
INFO: ReadHtmlCache Behavior ::run [ RunTime:0.017466s ]
INFO: [ app_begin ] --END-- [ RunTime:0.024906s ]

[ 2013-08-06T17:13:17+08:00 ] 127.0.0.8 /index.php/Login/login/id/1.html?remember=on
INFO: [ route_check ] --START--
INFO: CheckRoute Behavior ::run [ RunTime:0.010553s ]
INFO: [ route_check ] --END-- [ RunTime:0.018017s ]
INFO: [ app_begin ] --START--
INFO: ReadHtmlCache Behavior ::run [ RunTime:0.017045s ]
INFO: [ app_begin ] --END-- [ RunTime:0.024883s ]

[ 2013-08-06T17:13:58+08:00 ] 127.0.0.8 /index.php/Login/login/id/1.html?remember=on
INFO: [ route_check ] --START--
INFO: CheckRoute Behavior ::run [ RunTime:0.010557s ]
INFO: [ route_check ] --END-- [ RunTime:0.017967s ]
INFO: [ app_begin ] --START--
INFO: ReadHtmlCache Behavior ::run [ RunTime:0.012471s ]
INFO: [ app_begin ] --END-- [ RunTime:0.020839s ]

[ 2013-08-06T17:15:19+08:00 ] 127.0.0.8 /index.php/Login/login/id/1.html?remember=on
INFO: [ route_check ] --START--
INFO: CheckRoute Behavior ::run [ RunTime:0.011803s ]
INFO: [ route_check ] --END-- [ RunTime:0.018344s ]
INFO: [ app_begin ] --START--
INFO: ReadHtmlCache Behavior ::run [ RunTime:0.021991s ]
INFO: [ app_begin ] --END-- [ RunTime:0.036952s ]

[ 2013-08-06T17:16:48+08:00 ] 127.0.0.8 /index.php/Login/login/id/1.html?remember=on
INFO: [ route_check ] --START--
INFO: CheckRoute Behavior ::run [ RunTime:0.011048s ]
INFO: [ route_check ] --END-- [ RunTime:0.018728s ]
INFO: [ app_begin ] --START--
INFO: ReadHtmlCache Behavior ::run [ RunTime:0.014518s ]
INFO: [ app_begin ] --END-- [ RunTime:0.021230s ]

[ 2013-08-06T17:16:56+08:00 ] 127.0.0.8 /index.php/Login/login/id/1.html?remember=on
INFO: [ route_check ] --START--
INFO: CheckRoute Behavior ::run [ RunTime:0.015190s ]
INFO: [ route_check ] --END-- [ RunTime:0.021130s ]
INFO: [ app_begin ] --START--
INFO: ReadHtmlCache Behavior ::run [ RunTime:0.014609s ]
INFO: [ app_begin ] --END-- [ RunTime:0.021095s ]

[ 2013-08-06T17:17:24+08:00 ] 127.0.0.8 /index.php?m=Login&a=index
INFO: [ app_begin ] --START--
INFO: ReadHtmlCache Behavior ::run [ RunTime:0.052070s ]
INFO: [ app_begin ] --END-- [ RunTime:0.058314s ]
NOTIC: [2] Missing argument 1 for Action::show(), called in E:\www\test\admin\Lib\Action\LoginAction.class.php on line 8 and defined E:\www\test\ThinkPHP\Lib\Core\Action.class.php 第 107 行.
NOTIC: [8] Undefined variable: content E:\www\test\ThinkPHP\Lib\Core\Action.class.php 第 108 行.
INFO: [ view_parse ] --START--
INFO: ParseTemplate Behavior ::run [ RunTime:0.132574s ]
INFO: [ view_parse ] --END-- [ RunTime:0.138513s ]
INFO: [ view_filter ] --START--
INFO: ContentReplace Behavior ::run [ RunTime:0.014922s ]
INFO: TokenBuild Behavior ::run [ RunTime:0.012824s ]
INFO: WriteHtmlCache Behavior ::run [ RunTime:0.015575s ]
INFO: ShowRuntime Behavior ::run [ RunTime:0.018098s ]
INFO: [ view_filter ] --END-- [ RunTime:0.079679s ]
INFO: [ view_end ] --START--
INFO: ShowPageTrace Behavior ::run [ RunTime:0.012812s ]
INFO: [ view_end ] --END-- [ RunTime:0.019096s ]

[ 2013-08-06T17:17:27+08:00 ] 127.0.0.8 /index.php?m=Login&a=index
INFO: [ app_begin ] --START--
INFO: ReadHtmlCache Behavior ::run [ RunTime:0.015773s ]
INFO: [ app_begin ] --END-- [ RunTime:0.022044s ]
NOTIC: [2] Missing argument 1 for Action::show(), called in E:\www\test\admin\Lib\Action\LoginAction.class.php on line 8 and defined E:\www\test\ThinkPHP\Lib\Core\Action.class.php 第 107 行.
NOTIC: [8] Undefined variable: content E:\www\test\ThinkPHP\Lib\Core\Action.class.php 第 108 行.
INFO: [ view_parse ] --START--
INFO: ParseTemplate Behavior ::run [ RunTime:0.140221s ]
INFO: [ view_parse ] --END-- [ RunTime:0.146331s ]
INFO: [ view_filter ] --START--
INFO: ContentReplace Behavior ::run [ RunTime:0.012151s ]
INFO: TokenBuild Behavior ::run [ RunTime:0.018108s ]
INFO: WriteHtmlCache Behavior ::run [ RunTime:0.009799s ]
INFO: ShowRuntime Behavior ::run [ RunTime:0.016814s ]
INFO: [ view_filter ] --END-- [ RunTime:0.074592s ]
INFO: [ view_end ] --START--
INFO: ShowPageTrace Behavior ::run [ RunTime:0.013337s ]
INFO: [ view_end ] --END-- [ RunTime:0.019219s ]

[ 2013-08-06T17:17:30+08:00 ] 127.0.0.8 /index.php/Login/login
INFO: [ route_check ] --START--
INFO: CheckRoute Behavior ::run [ RunTime:0.013020s ]
INFO: [ route_check ] --END-- [ RunTime:0.019231s ]
INFO: [ app_begin ] --START--
INFO: ReadHtmlCache Behavior ::run [ RunTime:0.028861s ]
INFO: [ app_begin ] --END-- [ RunTime:0.034887s ]

[ 2013-08-06T17:17:44+08:00 ] 127.0.0.8 /index.php/Login/login
INFO: [ route_check ] --START--
INFO: CheckRoute Behavior ::run [ RunTime:0.017819s ]
INFO: [ route_check ] --END-- [ RunTime:0.023719s ]
INFO: [ app_begin ] --START--
INFO: ReadHtmlCache Behavior ::run [ RunTime:0.018587s ]
INFO: [ app_begin ] --END-- [ RunTime:0.026860s ]

[ 2013-08-06T17:18:05+08:00 ] 127.0.0.8 /index.php?m=Login&a=index
INFO: [ app_begin ] --START--
INFO: ReadHtmlCache Behavior ::run [ RunTime:0.022112s ]
INFO: [ app_begin ] --END-- [ RunTime:0.028364s ]
NOTIC: [2] Missing argument 1 for Action::show(), called in E:\www\test\admin\Lib\Action\LoginAction.class.php on line 8 and defined E:\www\test\ThinkPHP\Lib\Core\Action.class.php 第 107 行.
NOTIC: [8] Undefined variable: content E:\www\test\ThinkPHP\Lib\Core\Action.class.php 第 108 行.
INFO: [ view_parse ] --START--
INFO: ParseTemplate Behavior ::run [ RunTime:0.171425s ]
INFO: [ view_parse ] --END-- [ RunTime:0.179341s ]
INFO: [ view_filter ] --START--
INFO: ContentReplace Behavior ::run [ RunTime:0.012208s ]
INFO: TokenBuild Behavior ::run [ RunTime:0.015275s ]
INFO: WriteHtmlCache Behavior ::run [ RunTime:0.014811s ]
INFO: ShowRuntime Behavior ::run [ RunTime:0.024695s ]
INFO: [ view_filter ] --END-- [ RunTime:0.089714s ]
INFO: [ view_end ] --START--
INFO: ShowPageTrace Behavior ::run [ RunTime:0.013197s ]
INFO: [ view_end ] --END-- [ RunTime:0.020814s ]

[ 2013-08-06T17:18:07+08:00 ] 127.0.0.8 /index.php/Login/login
INFO: [ route_check ] --START--
INFO: CheckRoute Behavior ::run [ RunTime:0.014870s ]
INFO: [ route_check ] --END-- [ RunTime:0.021003s ]
INFO: [ app_begin ] --START--
INFO: ReadHtmlCache Behavior ::run [ RunTime:0.036085s ]
INFO: [ app_begin ] --END-- [ RunTime:0.046089s ]
SQL: SHOW COLUMNS FROM `think_admin` [ RunTime:0.010502s ]
ERR: 1146:Table 'notebook.think_admin' doesn't exist
 [ SQL语句 ] : SHOW COLUMNS FROM `think_admin`
SQL: SELECT * FROM `think_admin` WHERE ( email='admin' and password='0192023a7bbd73250516f069df18b500' ) LIMIT 1   [ RunTime:0.003993s ]
ERR: 1146:Table 'notebook.think_admin' doesn't exist
 [ SQL语句 ] : SELECT * FROM `think_admin` WHERE ( email='admin' and password='0192023a7bbd73250516f069df18b500' ) LIMIT 1  

[ 2013-08-06T17:18:22+08:00 ] 127.0.0.8 /index.php/Login/login
INFO: [ route_check ] --START--
INFO: CheckRoute Behavior ::run [ RunTime:0.014090s ]
INFO: [ route_check ] --END-- [ RunTime:0.020396s ]
INFO: [ app_begin ] --START--
INFO: ReadHtmlCache Behavior ::run [ RunTime:0.015026s ]
INFO: [ app_begin ] --END-- [ RunTime:0.021095s ]
SQL: SHOW COLUMNS FROM `think_admin` [ RunTime:0.012405s ]
ERR: 1146:Table 'notebook.think_admin' doesn't exist
 [ SQL语句 ] : SHOW COLUMNS FROM `think_admin`
SQL: SELECT * FROM `think_admin` WHERE ( email='admin' and password='0192023a7bbd73250516f069df18b500' ) LIMIT 1   [ RunTime:0.003504s ]
ERR: 1146:Table 'notebook.think_admin' doesn't exist
 [ SQL语句 ] : SELECT * FROM `think_admin` WHERE ( email='admin' and password='0192023a7bbd73250516f069df18b500' ) LIMIT 1  

[ 2013-08-06T17:18:25+08:00 ] 127.0.0.8 /index.php/Login/login
INFO: [ route_check ] --START--
INFO: CheckRoute Behavior ::run [ RunTime:0.009887s ]
INFO: [ route_check ] --END-- [ RunTime:0.018123s ]
INFO: [ app_begin ] --START--
INFO: ReadHtmlCache Behavior ::run [ RunTime:0.015417s ]
INFO: [ app_begin ] --END-- [ RunTime:0.028802s ]
SQL: SHOW COLUMNS FROM `think_admin` [ RunTime:0.016087s ]
ERR: 1146:Table 'notebook.think_admin' doesn't exist
 [ SQL语句 ] : SHOW COLUMNS FROM `think_admin`
SQL: SELECT * FROM `think_admin` WHERE ( email='admin' and password='0192023a7bbd73250516f069df18b500' ) LIMIT 1   [ RunTime:0.016811s ]
ERR: 1146:Table 'notebook.think_admin' doesn't exist
 [ SQL语句 ] : SELECT * FROM `think_admin` WHERE ( email='admin' and password='0192023a7bbd73250516f069df18b500' ) LIMIT 1  

[ 2013-08-06T17:18:46+08:00 ] 127.0.0.8 /index.php/Login/login
INFO: [ route_check ] --START--
INFO: CheckRoute Behavior ::run [ RunTime:0.020464s ]
INFO: [ route_check ] --END-- [ RunTime:0.027928s ]
INFO: [ app_begin ] --START--
INFO: ReadHtmlCache Behavior ::run [ RunTime:0.013963s ]
INFO: [ app_begin ] --END-- [ RunTime:0.024168s ]
SQL: SHOW COLUMNS FROM `think_admin` [ RunTime:0.017774s ]
ERR: 1146:Table 'notebook.think_admin' doesn't exist
 [ SQL语句 ] : SHOW COLUMNS FROM `think_admin`
SQL: SELECT * FROM `think_admin` WHERE ( email='19467285@qq.com' and password='21232f297a57a5a743894a0e4a801fc3' ) LIMIT 1   [ RunTime:0.007741s ]
ERR: 1146:Table 'notebook.think_admin' doesn't exist
 [ SQL语句 ] : SELECT * FROM `think_admin` WHERE ( email='19467285@qq.com' and password='21232f297a57a5a743894a0e4a801fc3' ) LIMIT 1  

[ 2013-08-06T17:18:53+08:00 ] 127.0.0.8 /index.php/Login/login
INFO: [ route_check ] --START--
INFO: CheckRoute Behavior ::run [ RunTime:0.010506s ]
INFO: [ route_check ] --END-- [ RunTime:0.016472s ]
INFO: [ app_begin ] --START--
INFO: ReadHtmlCache Behavior ::run [ RunTime:0.014540s ]
INFO: [ app_begin ] --END-- [ RunTime:0.021240s ]
SQL: SHOW COLUMNS FROM `think_admin` [ RunTime:0.010106s ]
ERR: 1146:Table 'notebook.think_admin' doesn't exist
 [ SQL语句 ] : SHOW COLUMNS FROM `think_admin`
SQL: SELECT * FROM `think_admin` WHERE ( email='19467285@qq.com' and password='21232f297a57a5a743894a0e4a801fc3' ) LIMIT 1   [ RunTime:0.010123s ]
ERR: 1146:Table 'notebook.think_admin' doesn't exist
 [ SQL语句 ] : SELECT * FROM `think_admin` WHERE ( email='19467285@qq.com' and password='21232f297a57a5a743894a0e4a801fc3' ) LIMIT 1  

[ 2013-08-06T17:19:20+08:00 ] 127.0.0.8 /index.php/Login/login
INFO: [ route_check ] --START--
INFO: CheckRoute Behavior ::run [ RunTime:0.016104s ]
INFO: [ route_check ] --END-- [ RunTime:0.022230s ]
INFO: [ app_begin ] --START--
INFO: ReadHtmlCache Behavior ::run [ RunTime:0.015940s ]
INFO: [ app_begin ] --END-- [ RunTime:0.025430s ]
SQL: SHOW COLUMNS FROM `think_admin` [ RunTime:0.012782s ]
ERR: 1146:Table 'notebook.think_admin' doesn't exist
 [ SQL语句 ] : SHOW COLUMNS FROM `think_admin`
SQL: SELECT * FROM `think_admin` WHERE ( email='19467285@qq.com' and password='21232f297a57a5a743894a0e4a801fc3' ) LIMIT 1   [ RunTime:0.006657s ]
ERR: 1146:Table 'notebook.think_admin' doesn't exist
 [ SQL语句 ] : SELECT * FROM `think_admin` WHERE ( email='19467285@qq.com' and password='21232f297a57a5a743894a0e4a801fc3' ) LIMIT 1  

[ 2013-08-06T17:20:00+08:00 ] 127.0.0.8 /index.php/Login/login
INFO: [ route_check ] --START--
INFO: CheckRoute Behavior ::run [ RunTime:0.013530s ]
INFO: [ route_check ] --END-- [ RunTime:0.021490s ]
INFO: [ app_begin ] --START--
INFO: ReadHtmlCache Behavior ::run [ RunTime:0.016849s ]
INFO: [ app_begin ] --END-- [ RunTime:0.026480s ]
SQL: SHOW COLUMNS FROM `think_admin` [ RunTime:0.013602s ]
ERR: 1146:Table 'notebook.think_admin' doesn't exist
 [ SQL语句 ] : SHOW COLUMNS FROM `think_admin`
SQL: SELECT * FROM `think_admin` WHERE ( email='19467285@qq.com' and password='admin' ) LIMIT 1   [ RunTime:0.006695s ]
ERR: 1146:Table 'notebook.think_admin' doesn't exist
 [ SQL语句 ] : SELECT * FROM `think_admin` WHERE ( email='19467285@qq.com' and password='admin' ) LIMIT 1  

[ 2013-08-06T17:20:15+08:00 ] 127.0.0.8 /index.php/Login/login
INFO: [ route_check ] --START--
INFO: CheckRoute Behavior ::run [ RunTime:0.013684s ]
INFO: [ route_check ] --END-- [ RunTime:0.020877s ]
INFO: [ app_begin ] --START--
INFO: ReadHtmlCache Behavior ::run [ RunTime:0.015136s ]
INFO: [ app_begin ] --END-- [ RunTime:0.026260s ]
SQL: SHOW COLUMNS FROM `think_admin` [ RunTime:0.013978s ]
ERR: 1146:Table 'notebook.think_admin' doesn't exist
 [ SQL语句 ] : SHOW COLUMNS FROM `think_admin`
SQL: SELECT * FROM `think_admin` WHERE ( email='19467285@qq.com' and password='admin' )  [ RunTime:0.002740s ]
ERR: 1146:Table 'notebook.think_admin' doesn't exist
 [ SQL语句 ] : SELECT * FROM `think_admin` WHERE ( email='19467285@qq.com' and password='admin' ) 

[ 2013-08-06T17:20:33+08:00 ] 127.0.0.8 /index.php/Login/login
INFO: [ route_check ] --START--
INFO: CheckRoute Behavior ::run [ RunTime:0.014938s ]
INFO: [ route_check ] --END-- [ RunTime:0.021451s ]
INFO: [ app_begin ] --START--
INFO: ReadHtmlCache Behavior ::run [ RunTime:0.017968s ]
INFO: [ app_begin ] --END-- [ RunTime:0.025722s ]
SQL: SHOW COLUMNS FROM `think_admin` [ RunTime:0.023370s ]
ERR: 1146:Table 'notebook.think_admin' doesn't exist
 [ SQL语句 ] : SHOW COLUMNS FROM `think_admin`
SQL: SELECT * FROM `think_admin` WHERE ( email='19467285@qq.com' and pwd='admin' )  [ RunTime:0.007298s ]
ERR: 1146:Table 'notebook.think_admin' doesn't exist
 [ SQL语句 ] : SELECT * FROM `think_admin` WHERE ( email='19467285@qq.com' and pwd='admin' ) 

[ 2013-08-06T17:20:38+08:00 ] 127.0.0.8 /index.php?m=Login&a=index
INFO: [ app_begin ] --START--
INFO: ReadHtmlCache Behavior ::run [ RunTime:0.016785s ]
INFO: [ app_begin ] --END-- [ RunTime:0.022729s ]
NOTIC: [2] Missing argument 1 for Action::show(), called in E:\www\test\admin\Lib\Action\LoginAction.class.php on line 8 and defined E:\www\test\ThinkPHP\Lib\Core\Action.class.php 第 107 行.
NOTIC: [8] Undefined variable: content E:\www\test\ThinkPHP\Lib\Core\Action.class.php 第 108 行.
INFO: [ view_parse ] --START--
INFO: ParseTemplate Behavior ::run [ RunTime:0.161850s ]
INFO: [ view_parse ] --END-- [ RunTime:0.168274s ]
INFO: [ view_filter ] --START--
INFO: ContentReplace Behavior ::run [ RunTime:0.023042s ]
INFO: TokenBuild Behavior ::run [ RunTime:0.019529s ]
INFO: WriteHtmlCache Behavior ::run [ RunTime:0.011126s ]
INFO: ShowRuntime Behavior ::run [ RunTime:0.019967s ]
INFO: [ view_filter ] --END-- [ RunTime:0.092364s ]
INFO: [ view_end ] --START--
INFO: ShowPageTrace Behavior ::run [ RunTime:0.026240s ]
INFO: [ view_end ] --END-- [ RunTime:0.032428s ]

[ 2013-08-06T17:20:40+08:00 ] 127.0.0.8 /index.php/Login/login
INFO: [ route_check ] --START--
INFO: CheckRoute Behavior ::run [ RunTime:0.025654s ]
INFO: [ route_check ] --END-- [ RunTime:0.032207s ]
INFO: [ app_begin ] --START--
INFO: ReadHtmlCache Behavior ::run [ RunTime:0.013249s ]
INFO: [ app_begin ] --END-- [ RunTime:0.022109s ]
SQL: SHOW COLUMNS FROM `think_admin` [ RunTime:0.013630s ]
ERR: 1146:Table 'notebook.think_admin' doesn't exist
 [ SQL语句 ] : SHOW COLUMNS FROM `think_admin`
SQL: SELECT * FROM `think_admin` WHERE ( email='admin' and pwd='admin123' )  [ RunTime:0.005153s ]
ERR: 1146:Table 'notebook.think_admin' doesn't exist
 [ SQL语句 ] : SELECT * FROM `think_admin` WHERE ( email='admin' and pwd='admin123' ) 

[ 2013-08-06T17:23:07+08:00 ] 127.0.0.8 /index.php/Login/login
INFO: [ route_check ] --START--
INFO: CheckRoute Behavior ::run [ RunTime:0.025407s ]
INFO: [ route_check ] --END-- [ RunTime:0.035334s ]
INFO: [ app_begin ] --START--
INFO: ReadHtmlCache Behavior ::run [ RunTime:0.019742s ]
INFO: [ app_begin ] --END-- [ RunTime:0.026014s ]
SQL: SHOW COLUMNS FROM `think_admin` [ RunTime:0.017548s ]
ERR: 1146:Table 'notebook.think_admin' doesn't exist
 [ SQL语句 ] : SHOW COLUMNS FROM `think_admin`
SQL: SELECT * FROM `think_admin` WHERE ( email='admin' and pwd='admin123' )  [ RunTime:0.013732s ]
ERR: 1146:Table 'notebook.think_admin' doesn't exist
 [ SQL语句 ] : SELECT * FROM `think_admin` WHERE ( email='admin' and pwd='admin123' ) 

